rm -rf "/home/russk/platforms/ibex/dv/uvm/out"
mkdir -p "/home/russk/platforms/ibex/dv/uvm/out"
cd /home/russk/platforms/ibex/vendor/google_riscv-dv; ./run -o "/home/russk/platforms/ibex/dv/uvm/out"/instr_gen ;
                         Chronologic VCS (TM)
         Version N-2017.12_Full64 -- Fri Jun 14 15:09:59 2019
               Copyright (c) 1991-2017 by Synopsys Inc.
                         ALL RIGHTS RESERVED

This program is proprietary and confidential information of Synopsys Inc.
and may be used and disclosed only as authorized in a license agreement
controlling such use and disclosure.


Warning-[LCA_FEATURES_ENABLED] Usage warning
  LCA features enabled by '-lca' argument on the command line.  For more 
  information regarding list of LCA features please refer to Chapter "LCA 
  features" in the VCS/VCS-MX Release Notes

Parsing design file '/wv/hlstools/vcs/N-2017.12/etc/uvm-1.2/uvm_pkg.sv'
Parsing included file '/wv/hlstools/vcs/N-2017.12/etc/uvm-1.2/uvm_macros.svh'.
Parsing included file '/wv/hlstools/vcs/N-2017.12/etc/uvm-1.2/macros/uvm_version_defines.svh'.
Back to file '/wv/hlstools/vcs/N-2017.12/etc/uvm-1.2/uvm_macros.svh'.
Parsing included file '/wv/hlstools/vcs/N-2017.12/etc/uvm-1.2/macros/uvm_global_defines.svh'.
Back to file '/wv/hlstools/vcs/N-2017.12/etc/uvm-1.2/uvm_macros.svh'.
Parsing included file '/wv/hlstools/vcs/N-2017.12/etc/uvm-1.2/macros/uvm_message_defines.svh'.
Back to file '/wv/hlstools/vcs/N-2017.12/etc/uvm-1.2/uvm_macros.svh'.
Parsing included file '/wv/hlstools/vcs/N-2017.12/etc/uvm-1.2/macros/uvm_phase_defines.svh'.
Back to file '/wv/hlstools/vcs/N-2017.12/etc/uvm-1.2/uvm_macros.svh'.
Parsing included file '/wv/hlstools/vcs/N-2017.12/etc/uvm-1.2/macros/uvm_object_defines.svh'.
Back to file '/wv/hlstools/vcs/N-2017.12/etc/uvm-1.2/uvm_macros.svh'.
Parsing included file '/wv/hlstools/vcs/N-2017.12/etc/uvm-1.2/macros/uvm_printer_defines.svh'.
Back to file '/wv/hlstools/vcs/N-2017.12/etc/uvm-1.2/uvm_macros.svh'.
Parsing included file '/wv/hlstools/vcs/N-2017.12/etc/uvm-1.2/macros/uvm_tlm_defines.svh'.
Parsing included file '/wv/hlstools/vcs/N-2017.12/etc/uvm-1.2/tlm1/uvm_tlm_imps.svh'.
Back to file '/wv/hlstools/vcs/N-2017.12/etc/uvm-1.2/macros/uvm_tlm_defines.svh'.
Back to file '/wv/hlstools/vcs/N-2017.12/etc/uvm-1.2/uvm_macros.svh'.
Parsing included file '/wv/hlstools/vcs/N-2017.12/etc/uvm-1.2/macros/uvm_sequence_defines.svh'.
Back to file '/wv/hlstools/vcs/N-2017.12/etc/uvm-1.2/uvm_macros.svh'.
Parsing included file '/wv/hlstools/vcs/N-2017.12/etc/uvm-1.2/macros/uvm_callback_defines.svh'.
Back to file '/wv/hlstools/vcs/N-2017.12/etc/uvm-1.2/uvm_macros.svh'.
Parsing included file '/wv/hlstools/vcs/N-2017.12/etc/uvm-1.2/macros/uvm_reg_defines.svh'.
Back to file '/wv/hlstools/vcs/N-2017.12/etc/uvm-1.2/uvm_macros.svh'.
Parsing included file '/wv/hlstools/vcs/N-2017.12/etc/uvm-1.2/macros/uvm_deprecated_defines.svh'.
Back to file '/wv/hlstools/vcs/N-2017.12/etc/uvm-1.2/uvm_macros.svh'.
Back to file '/wv/hlstools/vcs/N-2017.12/etc/uvm-1.2/uvm_pkg.sv'.
Parsing included file '/wv/hlstools/vcs/N-2017.12/etc/uvm-1.2/dpi/uvm_dpi.svh'.
Parsing included file '/wv/hlstools/vcs/N-2017.12/etc/uvm-1.2/dpi/uvm_hdl.svh'.
Back to file '/wv/hlstools/vcs/N-2017.12/etc/uvm-1.2/dpi/uvm_dpi.svh'.
Parsing included file '/wv/hlstools/vcs/N-2017.12/etc/uvm-1.2/dpi/uvm_svcmd_dpi.svh'.
Back to file '/wv/hlstools/vcs/N-2017.12/etc/uvm-1.2/dpi/uvm_dpi.svh'.
Parsing included file '/wv/hlstools/vcs/N-2017.12/etc/uvm-1.2/dpi/uvm_regex.svh'.
Back to file '/wv/hlstools/vcs/N-2017.12/etc/uvm-1.2/dpi/uvm_dpi.svh'.
Back to file '/wv/hlstools/vcs/N-2017.12/etc/uvm-1.2/uvm_pkg.sv'.
Parsing included file '/wv/hlstools/vcs/N-2017.12/etc/uvm-1.2/base/uvm_base.svh'.
Parsing included file '/wv/hlstools/vcs/N-2017.12/etc/uvm-1.2/base/uvm_coreservice.svh'.
Back to file '/wv/hlstools/vcs/N-2017.12/etc/uvm-1.2/base/uvm_base.svh'.
Parsing included file '/wv/hlstools/vcs/N-2017.12/etc/uvm-1.2/base/uvm_version.svh'.
Back to file '/wv/hlstools/vcs/N-2017.12/etc/uvm-1.2/base/uvm_base.svh'.
Parsing included file '/wv/hlstools/vcs/N-2017.12/etc/uvm-1.2/base/uvm_object_globals.svh'.
Back to file '/wv/hlstools/vcs/N-2017.12/etc/uvm-1.2/base/uvm_base.svh'.
Parsing included file '/wv/hlstools/vcs/N-2017.12/etc/uvm-1.2/base/uvm_misc.svh'.
Back to file '/wv/hlstools/vcs/N-2017.12/etc/uvm-1.2/base/uvm_base.svh'.
Parsing included file '/wv/hlstools/vcs/N-2017.12/etc/uvm-1.2/base/uvm_object.svh'.
Back to file '/wv/hlstools/vcs/N-2017.12/etc/uvm-1.2/base/uvm_base.svh'.
Parsing included file '/wv/hlstools/vcs/N-2017.12/etc/uvm-1.2/base/uvm_pool.svh'.
Back to file '/wv/hlstools/vcs/N-2017.12/etc/uvm-1.2/base/uvm_base.svh'.
Parsing included file '/wv/hlstools/vcs/N-2017.12/etc/uvm-1.2/base/uvm_queue.svh'.
Back to file '/wv/hlstools/vcs/N-2017.12/etc/uvm-1.2/base/uvm_base.svh'.
Parsing included file '/wv/hlstools/vcs/N-2017.12/etc/uvm-1.2/base/uvm_factory.svh'.
Back to file '/wv/hlstools/vcs/N-2017.12/etc/uvm-1.2/base/uvm_base.svh'.
Parsing included file '/wv/hlstools/vcs/N-2017.12/etc/uvm-1.2/base/uvm_registry.svh'.
Back to file '/wv/hlstools/vcs/N-2017.12/etc/uvm-1.2/base/uvm_base.svh'.
Parsing included file '/wv/hlstools/vcs/N-2017.12/etc/uvm-1.2/base/uvm_spell_chkr.svh'.
Back to file '/wv/hlstools/vcs/N-2017.12/etc/uvm-1.2/base/uvm_base.svh'.
Parsing included file '/wv/hlstools/vcs/N-2017.12/etc/uvm-1.2/base/uvm_resource.svh'.
Back to file '/wv/hlstools/vcs/N-2017.12/etc/uvm-1.2/base/uvm_base.svh'.
Parsing included file '/wv/hlstools/vcs/N-2017.12/etc/uvm-1.2/base/uvm_resource_specializations.svh'.
Back to file '/wv/hlstools/vcs/N-2017.12/etc/uvm-1.2/base/uvm_base.svh'.
Parsing included file '/wv/hlstools/vcs/N-2017.12/etc/uvm-1.2/base/uvm_resource_db.svh'.
Back to file '/wv/hlstools/vcs/N-2017.12/etc/uvm-1.2/base/uvm_base.svh'.
Parsing included file '/wv/hlstools/vcs/N-2017.12/etc/uvm-1.2/base/uvm_config_db.svh'.
Back to file '/wv/hlstools/vcs/N-2017.12/etc/uvm-1.2/base/uvm_base.svh'.
Parsing included file '/wv/hlstools/vcs/N-2017.12/etc/uvm-1.2/base/uvm_printer.svh'.
Back to file '/wv/hlstools/vcs/N-2017.12/etc/uvm-1.2/base/uvm_base.svh'.
Parsing included file '/wv/hlstools/vcs/N-2017.12/etc/uvm-1.2/base/uvm_comparer.svh'.
Back to file '/wv/hlstools/vcs/N-2017.12/etc/uvm-1.2/base/uvm_base.svh'.
Parsing included file '/wv/hlstools/vcs/N-2017.12/etc/uvm-1.2/base/uvm_packer.svh'.
Back to file '/wv/hlstools/vcs/N-2017.12/etc/uvm-1.2/base/uvm_base.svh'.
Parsing included file '/wv/hlstools/vcs/N-2017.12/etc/uvm-1.2/base/uvm_links.svh'.
Back to file '/wv/hlstools/vcs/N-2017.12/etc/uvm-1.2/base/uvm_base.svh'.
Parsing included file '/wv/hlstools/vcs/N-2017.12/etc/uvm-1.2/base/uvm_tr_database.svh'.
Back to file '/wv/hlstools/vcs/N-2017.12/etc/uvm-1.2/base/uvm_base.svh'.
Parsing included file '/wv/hlstools/vcs/N-2017.12/etc/uvm-1.2/base/uvm_tr_stream.svh'.
Back to file '/wv/hlstools/vcs/N-2017.12/etc/uvm-1.2/base/uvm_base.svh'.
Parsing included file '/wv/hlstools/vcs/N-2017.12/etc/uvm-1.2/base/uvm_recorder.svh'.
Back to file '/wv/hlstools/vcs/N-2017.12/etc/uvm-1.2/base/uvm_base.svh'.
Parsing included file '/wv/hlstools/vcs/N-2017.12/etc/uvm-1.2/base/uvm_event_callback.svh'.
Back to file '/wv/hlstools/vcs/N-2017.12/etc/uvm-1.2/base/uvm_base.svh'.
Parsing included file '/wv/hlstools/vcs/N-2017.12/etc/uvm-1.2/base/uvm_event.svh'.
Back to file '/wv/hlstools/vcs/N-2017.12/etc/uvm-1.2/base/uvm_base.svh'.
Parsing included file '/wv/hlstools/vcs/N-2017.12/etc/uvm-1.2/base/uvm_barrier.svh'.
Back to file '/wv/hlstools/vcs/N-2017.12/etc/uvm-1.2/base/uvm_base.svh'.
Parsing included file '/wv/hlstools/vcs/N-2017.12/etc/uvm-1.2/base/uvm_callback.svh'.
Parsing included file '/wv/hlstools/vcs/N-2017.12/etc/uvm-1.2/uvm_macros.svh'.
Back to file '/wv/hlstools/vcs/N-2017.12/etc/uvm-1.2/base/uvm_callback.svh'.
Back to file '/wv/hlstools/vcs/N-2017.12/etc/uvm-1.2/base/uvm_base.svh'.
Parsing included file '/wv/hlstools/vcs/N-2017.12/etc/uvm-1.2/base/uvm_report_message.svh'.
Back to file '/wv/hlstools/vcs/N-2017.12/etc/uvm-1.2/base/uvm_base.svh'.
Parsing included file '/wv/hlstools/vcs/N-2017.12/etc/uvm-1.2/base/uvm_report_catcher.svh'.
Back to file '/wv/hlstools/vcs/N-2017.12/etc/uvm-1.2/base/uvm_base.svh'.
Parsing included file '/wv/hlstools/vcs/N-2017.12/etc/uvm-1.2/base/uvm_report_server.svh'.
Back to file '/wv/hlstools/vcs/N-2017.12/etc/uvm-1.2/base/uvm_base.svh'.
Parsing included file '/wv/hlstools/vcs/N-2017.12/etc/uvm-1.2/base/uvm_report_handler.svh'.
Back to file '/wv/hlstools/vcs/N-2017.12/etc/uvm-1.2/base/uvm_base.svh'.
Parsing included file '/wv/hlstools/vcs/N-2017.12/etc/uvm-1.2/base/uvm_report_object.svh'.
Back to file '/wv/hlstools/vcs/N-2017.12/etc/uvm-1.2/base/uvm_base.svh'.
Parsing included file '/wv/hlstools/vcs/N-2017.12/etc/uvm-1.2/base/uvm_transaction.svh'.
Back to file '/wv/hlstools/vcs/N-2017.12/etc/uvm-1.2/base/uvm_base.svh'.
Parsing included file '/wv/hlstools/vcs/N-2017.12/etc/uvm-1.2/base/uvm_phase.svh'.
Back to file '/wv/hlstools/vcs/N-2017.12/etc/uvm-1.2/base/uvm_base.svh'.
Parsing included file '/wv/hlstools/vcs/N-2017.12/etc/uvm-1.2/base/uvm_domain.svh'.
Back to file '/wv/hlstools/vcs/N-2017.12/etc/uvm-1.2/base/uvm_base.svh'.
Parsing included file '/wv/hlstools/vcs/N-2017.12/etc/uvm-1.2/base/uvm_bottomup_phase.svh'.
Back to file '/wv/hlstools/vcs/N-2017.12/etc/uvm-1.2/base/uvm_base.svh'.
Parsing included file '/wv/hlstools/vcs/N-2017.12/etc/uvm-1.2/base/uvm_topdown_phase.svh'.
Back to file '/wv/hlstools/vcs/N-2017.12/etc/uvm-1.2/base/uvm_base.svh'.
Parsing included file '/wv/hlstools/vcs/N-2017.12/etc/uvm-1.2/base/uvm_task_phase.svh'.
Back to file '/wv/hlstools/vcs/N-2017.12/etc/uvm-1.2/base/uvm_base.svh'.
Parsing included file '/wv/hlstools/vcs/N-2017.12/etc/uvm-1.2/base/uvm_common_phases.svh'.
Back to file '/wv/hlstools/vcs/N-2017.12/etc/uvm-1.2/base/uvm_base.svh'.
Parsing included file '/wv/hlstools/vcs/N-2017.12/etc/uvm-1.2/base/uvm_runtime_phases.svh'.
Back to file '/wv/hlstools/vcs/N-2017.12/etc/uvm-1.2/base/uvm_base.svh'.
Parsing included file '/wv/hlstools/vcs/N-2017.12/etc/uvm-1.2/base/uvm_component.svh'.
Parsing included file '/wv/hlstools/vcs/N-2017.12/etc/uvm-1.2/base/uvm_root.svh'.
Back to file '/wv/hlstools/vcs/N-2017.12/etc/uvm-1.2/base/uvm_component.svh'.
Back to file '/wv/hlstools/vcs/N-2017.12/etc/uvm-1.2/base/uvm_base.svh'.
Parsing included file '/wv/hlstools/vcs/N-2017.12/etc/uvm-1.2/base/uvm_objection.svh'.
Back to file '/wv/hlstools/vcs/N-2017.12/etc/uvm-1.2/base/uvm_base.svh'.
Parsing included file '/wv/hlstools/vcs/N-2017.12/etc/uvm-1.2/base/uvm_heartbeat.svh'.
Back to file '/wv/hlstools/vcs/N-2017.12/etc/uvm-1.2/base/uvm_base.svh'.
Parsing included file '/wv/hlstools/vcs/N-2017.12/etc/uvm-1.2/base/uvm_globals.svh'.
Back to file '/wv/hlstools/vcs/N-2017.12/etc/uvm-1.2/base/uvm_base.svh'.
Parsing included file '/wv/hlstools/vcs/N-2017.12/etc/uvm-1.2/base/uvm_cmdline_processor.svh'.
Back to file '/wv/hlstools/vcs/N-2017.12/etc/uvm-1.2/base/uvm_base.svh'.
Parsing included file '/wv/hlstools/vcs/N-2017.12/etc/uvm-1.2/base/uvm_traversal.svh'.
Back to file '/wv/hlstools/vcs/N-2017.12/etc/uvm-1.2/base/uvm_base.svh'.
Back to file '/wv/hlstools/vcs/N-2017.12/etc/uvm-1.2/uvm_pkg.sv'.
Parsing included file '/wv/hlstools/vcs/N-2017.12/etc/uvm-1.2/dap/uvm_dap.svh'.
Parsing included file '/wv/hlstools/vcs/N-2017.12/etc/uvm-1.2/dap/uvm_set_get_dap_base.svh'.
Back to file '/wv/hlstools/vcs/N-2017.12/etc/uvm-1.2/dap/uvm_dap.svh'.
Parsing included file '/wv/hlstools/vcs/N-2017.12/etc/uvm-1.2/dap/uvm_simple_lock_dap.svh'.
Back to file '/wv/hlstools/vcs/N-2017.12/etc/uvm-1.2/dap/uvm_dap.svh'.
Parsing included file '/wv/hlstools/vcs/N-2017.12/etc/uvm-1.2/dap/uvm_get_to_lock_dap.svh'.
Back to file '/wv/hlstools/vcs/N-2017.12/etc/uvm-1.2/dap/uvm_dap.svh'.
Parsing included file '/wv/hlstools/vcs/N-2017.12/etc/uvm-1.2/dap/uvm_set_before_get_dap.svh'.
Back to file '/wv/hlstools/vcs/N-2017.12/etc/uvm-1.2/dap/uvm_dap.svh'.
Back to file '/wv/hlstools/vcs/N-2017.12/etc/uvm-1.2/uvm_pkg.sv'.
Parsing included file '/wv/hlstools/vcs/N-2017.12/etc/uvm-1.2/tlm1/uvm_tlm.svh'.
Parsing included file '/wv/hlstools/vcs/N-2017.12/etc/uvm-1.2/tlm1/uvm_tlm_ifs.svh'.
Back to file '/wv/hlstools/vcs/N-2017.12/etc/uvm-1.2/tlm1/uvm_tlm.svh'.
Parsing included file '/wv/hlstools/vcs/N-2017.12/etc/uvm-1.2/tlm1/uvm_sqr_ifs.svh'.
Back to file '/wv/hlstools/vcs/N-2017.12/etc/uvm-1.2/tlm1/uvm_tlm.svh'.
Parsing included file '/wv/hlstools/vcs/N-2017.12/etc/uvm-1.2/base/uvm_port_base.svh'.
Back to file '/wv/hlstools/vcs/N-2017.12/etc/uvm-1.2/tlm1/uvm_tlm.svh'.
Parsing included file '/wv/hlstools/vcs/N-2017.12/etc/uvm-1.2/tlm1/uvm_tlm_imps.svh'.
Back to file '/wv/hlstools/vcs/N-2017.12/etc/uvm-1.2/tlm1/uvm_tlm.svh'.
Parsing included file '/wv/hlstools/vcs/N-2017.12/etc/uvm-1.2/tlm1/uvm_imps.svh'.
Back to file '/wv/hlstools/vcs/N-2017.12/etc/uvm-1.2/tlm1/uvm_tlm.svh'.
Parsing included file '/wv/hlstools/vcs/N-2017.12/etc/uvm-1.2/tlm1/uvm_ports.svh'.
Back to file '/wv/hlstools/vcs/N-2017.12/etc/uvm-1.2/tlm1/uvm_tlm.svh'.
Parsing included file '/wv/hlstools/vcs/N-2017.12/etc/uvm-1.2/tlm1/uvm_exports.svh'.
Back to file '/wv/hlstools/vcs/N-2017.12/etc/uvm-1.2/tlm1/uvm_tlm.svh'.
Parsing included file '/wv/hlstools/vcs/N-2017.12/etc/uvm-1.2/tlm1/uvm_analysis_port.svh'.
Back to file '/wv/hlstools/vcs/N-2017.12/etc/uvm-1.2/tlm1/uvm_tlm.svh'.
Parsing included file '/wv/hlstools/vcs/N-2017.12/etc/uvm-1.2/tlm1/uvm_tlm_fifo_base.svh'.
Back to file '/wv/hlstools/vcs/N-2017.12/etc/uvm-1.2/tlm1/uvm_tlm.svh'.
Parsing included file '/wv/hlstools/vcs/N-2017.12/etc/uvm-1.2/tlm1/uvm_tlm_fifos.svh'.
Back to file '/wv/hlstools/vcs/N-2017.12/etc/uvm-1.2/tlm1/uvm_tlm.svh'.
Parsing included file '/wv/hlstools/vcs/N-2017.12/etc/uvm-1.2/tlm1/uvm_tlm_req_rsp.svh'.
Back to file '/wv/hlstools/vcs/N-2017.12/etc/uvm-1.2/tlm1/uvm_tlm.svh'.
Parsing included file '/wv/hlstools/vcs/N-2017.12/etc/uvm-1.2/tlm1/uvm_sqr_connections.svh'.
Back to file '/wv/hlstools/vcs/N-2017.12/etc/uvm-1.2/tlm1/uvm_tlm.svh'.
Back to file '/wv/hlstools/vcs/N-2017.12/etc/uvm-1.2/uvm_pkg.sv'.
Parsing included file '/wv/hlstools/vcs/N-2017.12/etc/uvm-1.2/comps/uvm_comps.svh'.
Parsing included file '/wv/hlstools/vcs/N-2017.12/etc/uvm-1.2/comps/uvm_pair.svh'.
Back to file '/wv/hlstools/vcs/N-2017.12/etc/uvm-1.2/comps/uvm_comps.svh'.
Parsing included file '/wv/hlstools/vcs/N-2017.12/etc/uvm-1.2/comps/uvm_policies.svh'.
Back to file '/wv/hlstools/vcs/N-2017.12/etc/uvm-1.2/comps/uvm_comps.svh'.
Parsing included file '/wv/hlstools/vcs/N-2017.12/etc/uvm-1.2/comps/uvm_in_order_comparator.svh'.
Back to file '/wv/hlstools/vcs/N-2017.12/etc/uvm-1.2/comps/uvm_comps.svh'.
Parsing included file '/wv/hlstools/vcs/N-2017.12/etc/uvm-1.2/comps/uvm_algorithmic_comparator.svh'.
Back to file '/wv/hlstools/vcs/N-2017.12/etc/uvm-1.2/comps/uvm_comps.svh'.
Parsing included file '/wv/hlstools/vcs/N-2017.12/etc/uvm-1.2/comps/uvm_random_stimulus.svh'.
Back to file '/wv/hlstools/vcs/N-2017.12/etc/uvm-1.2/comps/uvm_comps.svh'.
Parsing included file '/wv/hlstools/vcs/N-2017.12/etc/uvm-1.2/comps/uvm_subscriber.svh'.
Back to file '/wv/hlstools/vcs/N-2017.12/etc/uvm-1.2/comps/uvm_comps.svh'.
Parsing included file '/wv/hlstools/vcs/N-2017.12/etc/uvm-1.2/comps/uvm_monitor.svh'.
Back to file '/wv/hlstools/vcs/N-2017.12/etc/uvm-1.2/comps/uvm_comps.svh'.
Parsing included file '/wv/hlstools/vcs/N-2017.12/etc/uvm-1.2/comps/uvm_driver.svh'.
Back to file '/wv/hlstools/vcs/N-2017.12/etc/uvm-1.2/comps/uvm_comps.svh'.
Parsing included file '/wv/hlstools/vcs/N-2017.12/etc/uvm-1.2/comps/uvm_push_driver.svh'.
Back to file '/wv/hlstools/vcs/N-2017.12/etc/uvm-1.2/comps/uvm_comps.svh'.
Parsing included file '/wv/hlstools/vcs/N-2017.12/etc/uvm-1.2/comps/uvm_scoreboard.svh'.
Back to file '/wv/hlstools/vcs/N-2017.12/etc/uvm-1.2/comps/uvm_comps.svh'.
Parsing included file '/wv/hlstools/vcs/N-2017.12/etc/uvm-1.2/comps/uvm_agent.svh'.
Back to file '/wv/hlstools/vcs/N-2017.12/etc/uvm-1.2/comps/uvm_comps.svh'.
Parsing included file '/wv/hlstools/vcs/N-2017.12/etc/uvm-1.2/comps/uvm_env.svh'.
Back to file '/wv/hlstools/vcs/N-2017.12/etc/uvm-1.2/comps/uvm_comps.svh'.
Parsing included file '/wv/hlstools/vcs/N-2017.12/etc/uvm-1.2/comps/uvm_test.svh'.
Back to file '/wv/hlstools/vcs/N-2017.12/etc/uvm-1.2/comps/uvm_comps.svh'.
Back to file '/wv/hlstools/vcs/N-2017.12/etc/uvm-1.2/uvm_pkg.sv'.
Parsing included file '/wv/hlstools/vcs/N-2017.12/etc/uvm-1.2/seq/uvm_seq.svh'.
Parsing included file '/wv/hlstools/vcs/N-2017.12/etc/uvm-1.2/seq/uvm_sequence_item.svh'.
Back to file '/wv/hlstools/vcs/N-2017.12/etc/uvm-1.2/seq/uvm_seq.svh'.
Parsing included file '/wv/hlstools/vcs/N-2017.12/etc/uvm-1.2/seq/uvm_sequencer_base.svh'.
Back to file '/wv/hlstools/vcs/N-2017.12/etc/uvm-1.2/seq/uvm_seq.svh'.
Parsing included file '/wv/hlstools/vcs/N-2017.12/etc/uvm-1.2/seq/uvm_sequencer_analysis_fifo.svh'.
Back to file '/wv/hlstools/vcs/N-2017.12/etc/uvm-1.2/seq/uvm_seq.svh'.
Parsing included file '/wv/hlstools/vcs/N-2017.12/etc/uvm-1.2/seq/uvm_sequencer_param_base.svh'.
Back to file '/wv/hlstools/vcs/N-2017.12/etc/uvm-1.2/seq/uvm_seq.svh'.
Parsing included file '/wv/hlstools/vcs/N-2017.12/etc/uvm-1.2/seq/uvm_sequencer.svh'.
Back to file '/wv/hlstools/vcs/N-2017.12/etc/uvm-1.2/seq/uvm_seq.svh'.
Parsing included file '/wv/hlstools/vcs/N-2017.12/etc/uvm-1.2/seq/uvm_push_sequencer.svh'.
Back to file '/wv/hlstools/vcs/N-2017.12/etc/uvm-1.2/seq/uvm_seq.svh'.
Parsing included file '/wv/hlstools/vcs/N-2017.12/etc/uvm-1.2/seq/uvm_sequence_base.svh'.
Back to file '/wv/hlstools/vcs/N-2017.12/etc/uvm-1.2/seq/uvm_seq.svh'.
Parsing included file '/wv/hlstools/vcs/N-2017.12/etc/uvm-1.2/seq/uvm_sequence.svh'.
Back to file '/wv/hlstools/vcs/N-2017.12/etc/uvm-1.2/seq/uvm_seq.svh'.
Parsing included file '/wv/hlstools/vcs/N-2017.12/etc/uvm-1.2/seq/uvm_sequence_library.svh'.
Back to file '/wv/hlstools/vcs/N-2017.12/etc/uvm-1.2/seq/uvm_seq.svh'.
Parsing included file '/wv/hlstools/vcs/N-2017.12/etc/uvm-1.2/seq/uvm_sequence_builtin.svh'.
Back to file '/wv/hlstools/vcs/N-2017.12/etc/uvm-1.2/seq/uvm_seq.svh'.
Back to file '/wv/hlstools/vcs/N-2017.12/etc/uvm-1.2/uvm_pkg.sv'.
Parsing included file '/wv/hlstools/vcs/N-2017.12/etc/uvm-1.2/tlm2/uvm_tlm2.svh'.
Parsing included file '/wv/hlstools/vcs/N-2017.12/etc/uvm-1.2/tlm2/uvm_tlm2_defines.svh'.
Back to file '/wv/hlstools/vcs/N-2017.12/etc/uvm-1.2/tlm2/uvm_tlm2.svh'.
Parsing included file '/wv/hlstools/vcs/N-2017.12/etc/uvm-1.2/tlm2/uvm_tlm2_time.svh'.
Back to file '/wv/hlstools/vcs/N-2017.12/etc/uvm-1.2/tlm2/uvm_tlm2.svh'.
Parsing included file '/wv/hlstools/vcs/N-2017.12/etc/uvm-1.2/tlm2/uvm_tlm2_generic_payload.svh'.
Back to file '/wv/hlstools/vcs/N-2017.12/etc/uvm-1.2/tlm2/uvm_tlm2.svh'.
Parsing included file '/wv/hlstools/vcs/N-2017.12/etc/uvm-1.2/tlm2/uvm_tlm2_ifs.svh'.
Back to file '/wv/hlstools/vcs/N-2017.12/etc/uvm-1.2/tlm2/uvm_tlm2.svh'.
Parsing included file '/wv/hlstools/vcs/N-2017.12/etc/uvm-1.2/tlm2/uvm_tlm2_imps.svh'.
Back to file '/wv/hlstools/vcs/N-2017.12/etc/uvm-1.2/tlm2/uvm_tlm2.svh'.
Parsing included file '/wv/hlstools/vcs/N-2017.12/etc/uvm-1.2/tlm2/uvm_tlm2_ports.svh'.
Back to file '/wv/hlstools/vcs/N-2017.12/etc/uvm-1.2/tlm2/uvm_tlm2.svh'.
Parsing included file '/wv/hlstools/vcs/N-2017.12/etc/uvm-1.2/tlm2/uvm_tlm2_exports.svh'.
Back to file '/wv/hlstools/vcs/N-2017.12/etc/uvm-1.2/tlm2/uvm_tlm2.svh'.
Parsing included file '/wv/hlstools/vcs/N-2017.12/etc/uvm-1.2/tlm2/uvm_tlm2_sockets_base.svh'.
Back to file '/wv/hlstools/vcs/N-2017.12/etc/uvm-1.2/tlm2/uvm_tlm2.svh'.
Parsing included file '/wv/hlstools/vcs/N-2017.12/etc/uvm-1.2/tlm2/uvm_tlm2_sockets.svh'.
Back to file '/wv/hlstools/vcs/N-2017.12/etc/uvm-1.2/tlm2/uvm_tlm2.svh'.
Back to file '/wv/hlstools/vcs/N-2017.12/etc/uvm-1.2/uvm_pkg.sv'.
Parsing included file '/wv/hlstools/vcs/N-2017.12/etc/uvm-1.2/reg/uvm_reg_model.svh'.
Parsing included file '/wv/hlstools/vcs/N-2017.12/etc/uvm-1.2/reg/uvm_reg_item.svh'.
Back to file '/wv/hlstools/vcs/N-2017.12/etc/uvm-1.2/reg/uvm_reg_model.svh'.
Parsing included file '/wv/hlstools/vcs/N-2017.12/etc/uvm-1.2/reg/uvm_reg_adapter.svh'.
Back to file '/wv/hlstools/vcs/N-2017.12/etc/uvm-1.2/reg/uvm_reg_model.svh'.
Parsing included file '/wv/hlstools/vcs/N-2017.12/etc/uvm-1.2/reg/uvm_reg_predictor.svh'.
Back to file '/wv/hlstools/vcs/N-2017.12/etc/uvm-1.2/reg/uvm_reg_model.svh'.
Parsing included file '/wv/hlstools/vcs/N-2017.12/etc/uvm-1.2/reg/uvm_reg_sequence.svh'.
Back to file '/wv/hlstools/vcs/N-2017.12/etc/uvm-1.2/reg/uvm_reg_model.svh'.
Parsing included file '/wv/hlstools/vcs/N-2017.12/etc/uvm-1.2/reg/uvm_reg_cbs.svh'.
Back to file '/wv/hlstools/vcs/N-2017.12/etc/uvm-1.2/reg/uvm_reg_model.svh'.
Parsing included file '/wv/hlstools/vcs/N-2017.12/etc/uvm-1.2/reg/uvm_reg_backdoor.svh'.
Back to file '/wv/hlstools/vcs/N-2017.12/etc/uvm-1.2/reg/uvm_reg_model.svh'.
Parsing included file '/wv/hlstools/vcs/N-2017.12/etc/uvm-1.2/reg/uvm_reg_field.svh'.
Back to file '/wv/hlstools/vcs/N-2017.12/etc/uvm-1.2/reg/uvm_reg_model.svh'.
Parsing included file '/wv/hlstools/vcs/N-2017.12/etc/uvm-1.2/reg/uvm_vreg_field.svh'.
Back to file '/wv/hlstools/vcs/N-2017.12/etc/uvm-1.2/reg/uvm_reg_model.svh'.
Parsing included file '/wv/hlstools/vcs/N-2017.12/etc/uvm-1.2/reg/uvm_reg.svh'.
Back to file '/wv/hlstools/vcs/N-2017.12/etc/uvm-1.2/reg/uvm_reg_model.svh'.
Parsing included file '/wv/hlstools/vcs/N-2017.12/etc/uvm-1.2/reg/uvm_reg_indirect.svh'.
Back to file '/wv/hlstools/vcs/N-2017.12/etc/uvm-1.2/reg/uvm_reg_model.svh'.
Parsing included file '/wv/hlstools/vcs/N-2017.12/etc/uvm-1.2/reg/uvm_reg_fifo.svh'.
Back to file '/wv/hlstools/vcs/N-2017.12/etc/uvm-1.2/reg/uvm_reg_model.svh'.
Parsing included file '/wv/hlstools/vcs/N-2017.12/etc/uvm-1.2/reg/uvm_reg_file.svh'.
Back to file '/wv/hlstools/vcs/N-2017.12/etc/uvm-1.2/reg/uvm_reg_model.svh'.
Parsing included file '/wv/hlstools/vcs/N-2017.12/etc/uvm-1.2/reg/uvm_mem_mam.svh'.
Back to file '/wv/hlstools/vcs/N-2017.12/etc/uvm-1.2/reg/uvm_reg_model.svh'.
Parsing included file '/wv/hlstools/vcs/N-2017.12/etc/uvm-1.2/reg/uvm_vreg.svh'.
Back to file '/wv/hlstools/vcs/N-2017.12/etc/uvm-1.2/reg/uvm_reg_model.svh'.
Parsing included file '/wv/hlstools/vcs/N-2017.12/etc/uvm-1.2/reg/uvm_mem.svh'.
Back to file '/wv/hlstools/vcs/N-2017.12/etc/uvm-1.2/reg/uvm_reg_model.svh'.
Parsing included file '/wv/hlstools/vcs/N-2017.12/etc/uvm-1.2/reg/uvm_reg_map.svh'.
Back to file '/wv/hlstools/vcs/N-2017.12/etc/uvm-1.2/reg/uvm_reg_model.svh'.
Parsing included file '/wv/hlstools/vcs/N-2017.12/etc/uvm-1.2/reg/uvm_reg_block.svh'.
Back to file '/wv/hlstools/vcs/N-2017.12/etc/uvm-1.2/reg/uvm_reg_model.svh'.
Parsing included file '/wv/hlstools/vcs/N-2017.12/etc/uvm-1.2/reg/sequences/uvm_reg_hw_reset_seq.svh'.
Back to file '/wv/hlstools/vcs/N-2017.12/etc/uvm-1.2/reg/uvm_reg_model.svh'.
Parsing included file '/wv/hlstools/vcs/N-2017.12/etc/uvm-1.2/reg/sequences/uvm_reg_bit_bash_seq.svh'.
Back to file '/wv/hlstools/vcs/N-2017.12/etc/uvm-1.2/reg/uvm_reg_model.svh'.
Parsing included file '/wv/hlstools/vcs/N-2017.12/etc/uvm-1.2/reg/sequences/uvm_mem_walk_seq.svh'.
Back to file '/wv/hlstools/vcs/N-2017.12/etc/uvm-1.2/reg/uvm_reg_model.svh'.
Parsing included file '/wv/hlstools/vcs/N-2017.12/etc/uvm-1.2/reg/sequences/uvm_mem_access_seq.svh'.
Back to file '/wv/hlstools/vcs/N-2017.12/etc/uvm-1.2/reg/uvm_reg_model.svh'.
Parsing included file '/wv/hlstools/vcs/N-2017.12/etc/uvm-1.2/reg/sequences/uvm_reg_access_seq.svh'.
Back to file '/wv/hlstools/vcs/N-2017.12/etc/uvm-1.2/reg/uvm_reg_model.svh'.
Parsing included file '/wv/hlstools/vcs/N-2017.12/etc/uvm-1.2/reg/sequences/uvm_reg_mem_shared_access_seq.svh'.
Back to file '/wv/hlstools/vcs/N-2017.12/etc/uvm-1.2/reg/uvm_reg_model.svh'.
Parsing included file '/wv/hlstools/vcs/N-2017.12/etc/uvm-1.2/reg/sequences/uvm_reg_mem_built_in_seq.svh'.
Back to file '/wv/hlstools/vcs/N-2017.12/etc/uvm-1.2/reg/uvm_reg_model.svh'.
Parsing included file '/wv/hlstools/vcs/N-2017.12/etc/uvm-1.2/reg/sequences/uvm_reg_mem_hdl_paths_seq.svh'.
Back to file '/wv/hlstools/vcs/N-2017.12/etc/uvm-1.2/reg/uvm_reg_model.svh'.
Parsing included file '/wv/hlstools/vcs/N-2017.12/etc/uvm-1.2/reg/snps_uvm_reg_bank.svh'.
Back to file '/wv/hlstools/vcs/N-2017.12/etc/uvm-1.2/reg/uvm_reg_model.svh'.
Back to file '/wv/hlstools/vcs/N-2017.12/etc/uvm-1.2/uvm_pkg.sv'.
Parsing design file './src/riscv_instr_pkg.sv'
Parsing included file '/wv/hlstools/vcs/N-2017.12/etc/uvm-1.2/uvm_macros.svh'.
Back to file './src/riscv_instr_pkg.sv'.
Parsing included file './src/dv_defines.svh'.
Back to file './src/riscv_instr_pkg.sv'.
Parsing included file './src/riscv_defines.svh'.
Back to file './src/riscv_instr_pkg.sv'.
Parsing included file './src/riscv_core_setting.sv'.
Back to file './src/riscv_instr_pkg.sv'.
Parsing included file './src/riscv_instr_gen_config.sv'.
Back to file './src/riscv_instr_pkg.sv'.
Parsing included file './src/riscv_illegal_instr.sv'.
Back to file './src/riscv_instr_pkg.sv'.
Parsing included file './src/riscv_reg.sv'.
Back to file './src/riscv_instr_pkg.sv'.
Parsing included file './src/riscv_privil_reg.sv'.
Back to file './src/riscv_instr_pkg.sv'.
Parsing included file './src/riscv_page_table_entry.sv'.
Back to file './src/riscv_instr_pkg.sv'.
Parsing included file './src/riscv_page_table_exception_cfg.sv'.
Back to file './src/riscv_instr_pkg.sv'.
Parsing included file './src/riscv_page_table.sv'.
Back to file './src/riscv_instr_pkg.sv'.
Parsing included file './src/riscv_page_table_list.sv'.
Back to file './src/riscv_instr_pkg.sv'.
Parsing included file './src/riscv_privileged_common_seq.sv'.
Back to file './src/riscv_instr_pkg.sv'.
Parsing included file './src/riscv_callstack_gen.sv'.
Back to file './src/riscv_instr_pkg.sv'.
Parsing included file './src/riscv_instr_base.sv'.
Back to file './src/riscv_instr_pkg.sv'.
Parsing included file './src/riscv_data_page_gen.sv'.
Back to file './src/riscv_instr_pkg.sv'.
Parsing included file './src/riscv_rand_instr.sv'.
Back to file './src/riscv_instr_pkg.sv'.
Parsing included file './src/riscv_instr_stream.sv'.
Back to file './src/riscv_instr_pkg.sv'.
Parsing included file './src/riscv_loop_instr.sv'.
Back to file './src/riscv_instr_pkg.sv'.
Parsing included file './src/riscv_directed_instr_lib.sv'.
Back to file './src/riscv_instr_pkg.sv'.
Parsing included file './src/riscv_load_store_instr_lib.sv'.
Back to file './src/riscv_instr_pkg.sv'.
Parsing included file './src/riscv_instr_sequence.sv'.
Back to file './src/riscv_instr_pkg.sv'.
Parsing included file './src/riscv_asm_program_gen.sv'.
Back to file './src/riscv_instr_pkg.sv'.
Parsing design file './test/riscv_instr_test_pkg.sv'
Parsing included file './src/dv_defines.svh'.
Back to file './test/riscv_instr_test_pkg.sv'.
Parsing included file '/wv/hlstools/vcs/N-2017.12/etc/uvm-1.2/uvm_macros.svh'.
Back to file './test/riscv_instr_test_pkg.sv'.
Parsing included file './test/riscv_instr_base_test.sv'.
Back to file './test/riscv_instr_test_pkg.sv'.
Parsing included file './test/riscv_instr_test_lib.sv'.
Back to file './test/riscv_instr_test_pkg.sv'.
Parsing design file './test/riscv_instr_gen_tb_top.sv'
Parsing included file '/wv/hlstools/vcs/N-2017.12/etc/uvm-1.2/uvm_macros.svh'.
Back to file './test/riscv_instr_gen_tb_top.sv'.
Top Level Modules:
       riscv_instr_gen_tb_top
TimeScale is 1 ns / 10 ps
Starting vcs inline pass...

6 modules and 0 UDP read.
recompiling package vcs_paramclassrepository
recompiling package _vcs_DPI_package
recompiling package uvm_pkg
recompiling package riscv_instr_pkg
recompiling package riscv_instr_test_pkg
recompiling module riscv_instr_gen_tb_top
All of 6 modules done
make[1]: Entering directory `/home/russk/platforms/ibex/dv/uvm/out/instr_gen/vcs_simv.csrc'
rm -f _csrc*.so pre_vcsobj_*.so share_vcsobj_*.so
g++ -w  -pipe -DVCSMX -DUVM_DPI_DO_TYPE_CHECK -fPIC -O -I/wv/hlstools/vcs/N-2017.12/include    -c /wv/hlstools/vcs/N-2017.12/etc/uvm-1.2/dpi/uvm_dpi.cc
if [ -x /home/russk/platforms/ibex/dv/uvm/out/instr_gen/vcs_simv ]; then chmod -x /home/russk/platforms/ibex/dv/uvm/out/instr_gen/vcs_simv; fi
g++  -o /home/russk/platforms/ibex/dv/uvm/out/instr_gen/vcs_simv   -Wl,-rpath-link=./ -Wl,-rpath='$ORIGIN'/vcs_simv.daidir/ -Wl,-rpath=./vcs_simv.daidir/ -Wl,-rpath='$ORIGIN'/vcs_simv.daidir//scsim.db.dir  -rdynamic  /wv/hlstools/vcs/N-2017.12/linux64/lib/vpdlogstub.o uvm_dpi.o   objs/amcQw_d.o   _23993_archive_1.so  SIM_l.o      rmapats_mop.o rmapats.o rmar.o rmar_nd.o  rmar_llvm_0_1.o rmar_llvm_0_0.o          -lnuma /wv/hlstools/vcs/N-2017.12/linux64/lib/libzerosoft_rt_stubs.so /wv/hlstools/vcs/N-2017.12/linux64/lib/libvirsim.so /wv/hlstools/vcs/N-2017.12/linux64/lib/liberrorinf.so /wv/hlstools/vcs/N-2017.12/linux64/lib/libsnpsmalloc.so /wv/hlstools/vcs/N-2017.12/linux64/lib/libvfs.so    /wv/hlstools/vcs/N-2017.12/linux64/lib/libvcsnew.so /wv/hlstools/vcs/N-2017.12/linux64/lib/libsimprofile.so /wv/hlstools/vcs/N-2017.12/linux64/lib/libuclinative.so /wv/hlstools/vcs/N-2017.12/linux64/lib/vcs_tls.o   -Wl,-whole-archive /wv/hlstools/vcs/N-2017.12/linux64/lib/libvcsucli.so -Wl,-no-whole-archive       ./../vcs_simv.daidir/vc_hdrs.o    /wv/hlstools/vcs/N-2017.12/linux64/lib/vcs_save_restore_new.o -ldl  -lc -lm -lpthread -ldl 
/home/russk/platforms/ibex/dv/uvm/out/instr_gen/vcs_simv up to date
make[1]: Leaving directory `/home/russk/platforms/ibex/dv/uvm/out/instr_gen/vcs_simv.csrc'
CPU time: 8.223 seconds to compile + .212 seconds to elab + .514 seconds to link
Running test riscv_instr_base_test with vcs..
Chronologic VCS simulator copyright 1991-2017
Contains Synopsys proprietary information.
Compiler version N-2017.12_Full64; Runtime version N-2017.12_Full64;  Jun 14 15:10 2019
UVM_INFO /wv/hlstools/vcs/N-2017.12/etc/uvm-1.2/base/uvm_root.svh(402) @ 0: reporter [UVM/RELNOTES] 
----------------------------------------------------------------
UVM-1.2.Synopsys
(C) 2007-2014 Mentor Graphics Corporation
(C) 2007-2014 Cadence Design Systems, Inc.
(C) 2006-2014 Synopsys, Inc.
(C) 2011-2013 Cypress Semiconductor Corp.
(C) 2013-2014 NVIDIA Corporation
----------------------------------------------------------------

  ***********       IMPORTANT RELEASE NOTES         ************

  You are using a version of the UVM library that has been compiled
  with `UVM_NO_DEPRECATED undefined.
  See http://www.eda.org/svdb/view.php?id=3313 for more details.

  You are using a version of the UVM library that has been compiled
  with `UVM_OBJECT_DO_NOT_NEED_CONSTRUCTOR undefined.
  See http://www.eda.org/svdb/view.php?id=3770 for more details.

      (Specify +UVM_NO_RELNOTES to turn off this notice)

UVM_INFO @ 0: reporter [RNTST] Running test riscv_instr_base_test...
UVM_INFO ./src/riscv_instr_gen_config.sv(253) @ 0: reporter [cfg] riscv_instr_pkg::supported_privileged_mode = 1
UVM_INFO ./src/riscv_instr_gen_config.sv(253) @ 0: reporter [cfg] riscv_instr_pkg::supported_privileged_mode = 1
UVM_INFO ./test/riscv_instr_base_test.sv(107) @ 0: uvm_test_top [uvm_test_top] riscv_instr_gen_config is randomized:
-------------------------------------------------------------
Name                      Type                    Size  Value
-------------------------------------------------------------
cfg                       riscv_instr_gen_config  -     @364 
  main_program_instr_cnt  integral                32    'h11 
  sub_program_instr_cnt   sa(integral)            5     -    
    [0]                   integral                32    'h6a 
    [1]                   integral                32    'h4  
    [2]                   integral                32    'hd  
    [3]                   integral                32    'h20 
    [4]                   integral                32    'h1c 
-------------------------------------------------------------

UVM_INFO ./test/riscv_instr_base_test.sv(99) @ 0: uvm_test_top [uvm_test_top] All directed instruction is applied
UVM_INFO ./src/riscv_instr_sequence.sv(77) @ 0: reporter@@sub_1 [sub_1] Start generating 106 instruction
UVM_INFO ./src/riscv_instr_sequence.sv(86) @ 0: reporter@@sub_1 [sub_1] Finishing instruction generation
UVM_INFO ./src/riscv_instr_sequence.sv(77) @ 0: reporter@@sub_2 [sub_2] Start generating 4 instruction
UVM_INFO ./src/riscv_instr_sequence.sv(86) @ 0: reporter@@sub_2 [sub_2] Finishing instruction generation
UVM_INFO ./src/riscv_instr_sequence.sv(77) @ 0: reporter@@sub_3 [sub_3] Start generating 13 instruction
UVM_INFO ./src/riscv_instr_sequence.sv(86) @ 0: reporter@@sub_3 [sub_3] Finishing instruction generation
UVM_INFO ./src/riscv_instr_sequence.sv(77) @ 0: reporter@@sub_4 [sub_4] Start generating 32 instruction
UVM_INFO ./src/riscv_instr_sequence.sv(86) @ 0: reporter@@sub_4 [sub_4] Finishing instruction generation
UVM_INFO ./src/riscv_instr_sequence.sv(77) @ 0: reporter@@sub_5 [sub_5] Start generating 28 instruction
UVM_INFO ./src/riscv_instr_sequence.sv(86) @ 0: reporter@@sub_5 [sub_5] Finishing instruction generation
UVM_INFO ./src/riscv_instr_sequence.sv(77) @ 0: reporter@@main_program [main_program] Start generating 17 instruction
UVM_INFO ./src/riscv_instr_sequence.sv(86) @ 0: reporter@@main_program [main_program] Finishing instruction generation
UVM_INFO ./src/riscv_asm_program_gen.sv(128) @ 0: reporter [asm_gen] Randomizing call stack
UVM_INFO ./src/riscv_asm_program_gen.sv(430) @ 0: reporter [asm_gen] Generating privileged mode routing for MACHINE_MODE
UVM_INFO ./src/riscv_instr_sequence.sv(77) @ 0: reporter@@smode_accessible_umode_program [smode_accessible_umode_program] Start generating 400 instruction
UVM_INFO ./src/riscv_instr_sequence.sv(86) @ 0: reporter@@smode_accessible_umode_program [smode_accessible_umode_program] Finishing instruction generation
UVM_INFO ./src/riscv_instr_sequence.sv(77) @ 0: reporter@@smode_program [smode_program] Start generating 400 instruction
UVM_INFO ./src/riscv_instr_sequence.sv(86) @ 0: reporter@@smode_program [smode_program] Finishing instruction generation
UVM_INFO ./src/riscv_instr_sequence.sv(77) @ 0: reporter@@smode_ls_umem_program [smode_ls_umem_program] Start generating 400 instruction
UVM_INFO ./src/riscv_instr_sequence.sv(86) @ 0: reporter@@smode_ls_umem_program [smode_ls_umem_program] Finishing instruction generation
UVM_INFO ./src/riscv_asm_program_gen.sv(792) @ 0: reporter [asm_gen] /home/russk/platforms/ibex/dv/uvm/out/instr_gen/asm_tests/riscv_instr_base_test.0.S is generated
UVM_INFO ./test/riscv_instr_base_test.sv(58) @ 0: uvm_test_top [] TEST PASSED
UVM_INFO /wv/hlstools/vcs/N-2017.12/etc/uvm-1.2/base/uvm_report_server.svh(894) @ 0: reporter [UVM/REPORT/SERVER] 
--- UVM Report Summary ---

** Report counts by severity
UVM_INFO :   28
UVM_WARNING :    0
UVM_ERROR :    0
UVM_FATAL :    0
** Report counts by id
[]     1
[RNTST]     1
[UVM/RELNOTES]     1
[asm_gen]     3
[cfg]     2
[main_program]     2
[smode_accessible_umode_program]     2
[smode_ls_umem_program]     2
[smode_program]     2
[sub_1]     2
[sub_2]     2
[sub_3]     2
[sub_4]     2
[sub_5]     2
[uvm_test_top]     2

$finish called from file "/wv/hlstools/vcs/N-2017.12/etc/uvm-1.2/base/uvm_root.svh", line 527.
$finish at simulation time                    0
           V C S   S i m u l a t i o n   R e p o r t 
Time: 00 ps
CPU Time:      2.340 seconds;       Data structure size:   0.3Mb
Fri Jun 14 15:10:13 2019
===========================================================
                Generated RISC-V assembly tests
 ----------------------------------------------------------
/home/russk/platforms/ibex/dv/uvm/out/instr_gen/asm_tests/riscv_instr_base_test.0.S
echo /home/russk/platforms/riscv-gcc
/home/russk/platforms/riscv-gcc
echo /home/russk/platforms/riscv-gcc
/home/russk/platforms/riscv-gcc
cd /home/russk/platforms/ibex/vendor/google_riscv-dv; \
./iss_sim -dir "/home/russk/platforms/ibex/dv/uvm/out"/instr_gen -toolchain /home/russk/platforms/riscv-gcc -isa rv32imc -abi ilp32;
riscv_gcc compiling : /home/russk/platforms/ibex/dv/uvm/out/instr_gen/asm_tests/riscv_instr_base_test.0.S
Convert /home/russk/platforms/ibex/dv/uvm/out/instr_gen/asm_tests/riscv_instr_base_test.0.S.o to /home/russk/platforms/ibex/dv/uvm/out/instr_gen/asm_tests/riscv_instr_base_test.0.S.bin
Running spike: riscv_instr_base_test.0.S.o
timeout 60s /home/russk/platforms/riscv-gcc/bin/spike --isa=rv32imc -l /home/russk/platforms/ibex/dv/uvm/out/instr_gen/asm_tests/riscv_instr_base_test.0.S.o &> /home/russk/platforms/ibex/dv/uvm/out/instr_gen/spike_sim/riscv_instr_base_test.0.S.o.log
mkdir -p "/home/russk/platforms/ibex/dv/uvm/out"/rtl_sim
vcs -f ibex_dv.f  -full64 \
      -l "/home/russk/platforms/ibex/dv/uvm/out"/rtl_sim/compile.log  \
      -sverilog -ntb_opts uvm-1.2 \
      +define+UVM_REGEX_NO_DPI -timescale=1ns/10ps -licqueue \
      -Mdir="/home/russk/platforms/ibex/dv/uvm/out"/rtl_sim/vcs_simv.csrc \
      -o "/home/russk/platforms/ibex/dv/uvm/out"/rtl_sim/vcs_simv \
      +define+BOOT_ADDR=32\'h8000_0000 \
      +define+TRACE_EXECUTION \
      -debug_access+pp \
       \
      -lca -kdb
                         Chronologic VCS (TM)
         Version N-2017.12_Full64 -- Fri Jun 14 15:10:14 2019
               Copyright (c) 1991-2017 by Synopsys Inc.
                         ALL RIGHTS RESERVED

This program is proprietary and confidential information of Synopsys Inc.
and may be used and disclosed only as authorized in a license agreement
controlling such use and disclosure.


Warning-[LCA_FEATURES_ENABLED] Usage warning
  LCA features enabled by '-lca' argument on the command line.  For more 
  information regarding list of LCA features please refer to Chapter "LCA 
  features" in the VCS/VCS-MX Release Notes

Parsing design file '/wv/hlstools/vcs/N-2017.12/etc/uvm-1.2/uvm_pkg.sv'
Parsing included file '/wv/hlstools/vcs/N-2017.12/etc/uvm-1.2/uvm_macros.svh'.
Parsing included file '/wv/hlstools/vcs/N-2017.12/etc/uvm-1.2/macros/uvm_version_defines.svh'.
Back to file '/wv/hlstools/vcs/N-2017.12/etc/uvm-1.2/uvm_macros.svh'.
Parsing included file '/wv/hlstools/vcs/N-2017.12/etc/uvm-1.2/macros/uvm_global_defines.svh'.
Back to file '/wv/hlstools/vcs/N-2017.12/etc/uvm-1.2/uvm_macros.svh'.
Parsing included file '/wv/hlstools/vcs/N-2017.12/etc/uvm-1.2/macros/uvm_message_defines.svh'.
Back to file '/wv/hlstools/vcs/N-2017.12/etc/uvm-1.2/uvm_macros.svh'.
Parsing included file '/wv/hlstools/vcs/N-2017.12/etc/uvm-1.2/macros/uvm_phase_defines.svh'.
Back to file '/wv/hlstools/vcs/N-2017.12/etc/uvm-1.2/uvm_macros.svh'.
Parsing included file '/wv/hlstools/vcs/N-2017.12/etc/uvm-1.2/macros/uvm_object_defines.svh'.
Back to file '/wv/hlstools/vcs/N-2017.12/etc/uvm-1.2/uvm_macros.svh'.
Parsing included file '/wv/hlstools/vcs/N-2017.12/etc/uvm-1.2/macros/uvm_printer_defines.svh'.
Back to file '/wv/hlstools/vcs/N-2017.12/etc/uvm-1.2/uvm_macros.svh'.
Parsing included file '/wv/hlstools/vcs/N-2017.12/etc/uvm-1.2/macros/uvm_tlm_defines.svh'.
Parsing included file '/wv/hlstools/vcs/N-2017.12/etc/uvm-1.2/tlm1/uvm_tlm_imps.svh'.
Back to file '/wv/hlstools/vcs/N-2017.12/etc/uvm-1.2/macros/uvm_tlm_defines.svh'.
Back to file '/wv/hlstools/vcs/N-2017.12/etc/uvm-1.2/uvm_macros.svh'.
Parsing included file '/wv/hlstools/vcs/N-2017.12/etc/uvm-1.2/macros/uvm_sequence_defines.svh'.
Back to file '/wv/hlstools/vcs/N-2017.12/etc/uvm-1.2/uvm_macros.svh'.
Parsing included file '/wv/hlstools/vcs/N-2017.12/etc/uvm-1.2/macros/uvm_callback_defines.svh'.
Back to file '/wv/hlstools/vcs/N-2017.12/etc/uvm-1.2/uvm_macros.svh'.
Parsing included file '/wv/hlstools/vcs/N-2017.12/etc/uvm-1.2/macros/uvm_reg_defines.svh'.
Back to file '/wv/hlstools/vcs/N-2017.12/etc/uvm-1.2/uvm_macros.svh'.
Parsing included file '/wv/hlstools/vcs/N-2017.12/etc/uvm-1.2/macros/uvm_deprecated_defines.svh'.
Back to file '/wv/hlstools/vcs/N-2017.12/etc/uvm-1.2/uvm_macros.svh'.
Back to file '/wv/hlstools/vcs/N-2017.12/etc/uvm-1.2/uvm_pkg.sv'.
Parsing included file '/wv/hlstools/vcs/N-2017.12/etc/uvm-1.2/dpi/uvm_dpi.svh'.
Parsing included file '/wv/hlstools/vcs/N-2017.12/etc/uvm-1.2/dpi/uvm_hdl.svh'.
Back to file '/wv/hlstools/vcs/N-2017.12/etc/uvm-1.2/dpi/uvm_dpi.svh'.
Parsing included file '/wv/hlstools/vcs/N-2017.12/etc/uvm-1.2/dpi/uvm_svcmd_dpi.svh'.
Back to file '/wv/hlstools/vcs/N-2017.12/etc/uvm-1.2/dpi/uvm_dpi.svh'.
Parsing included file '/wv/hlstools/vcs/N-2017.12/etc/uvm-1.2/dpi/uvm_regex.svh'.
Back to file '/wv/hlstools/vcs/N-2017.12/etc/uvm-1.2/dpi/uvm_dpi.svh'.
Back to file '/wv/hlstools/vcs/N-2017.12/etc/uvm-1.2/uvm_pkg.sv'.
Parsing included file '/wv/hlstools/vcs/N-2017.12/etc/uvm-1.2/base/uvm_base.svh'.
Parsing included file '/wv/hlstools/vcs/N-2017.12/etc/uvm-1.2/base/uvm_coreservice.svh'.
Back to file '/wv/hlstools/vcs/N-2017.12/etc/uvm-1.2/base/uvm_base.svh'.
Parsing included file '/wv/hlstools/vcs/N-2017.12/etc/uvm-1.2/base/uvm_version.svh'.
Back to file '/wv/hlstools/vcs/N-2017.12/etc/uvm-1.2/base/uvm_base.svh'.
Parsing included file '/wv/hlstools/vcs/N-2017.12/etc/uvm-1.2/base/uvm_object_globals.svh'.
Back to file '/wv/hlstools/vcs/N-2017.12/etc/uvm-1.2/base/uvm_base.svh'.
Parsing included file '/wv/hlstools/vcs/N-2017.12/etc/uvm-1.2/base/uvm_misc.svh'.
Back to file '/wv/hlstools/vcs/N-2017.12/etc/uvm-1.2/base/uvm_base.svh'.
Parsing included file '/wv/hlstools/vcs/N-2017.12/etc/uvm-1.2/base/uvm_object.svh'.
Back to file '/wv/hlstools/vcs/N-2017.12/etc/uvm-1.2/base/uvm_base.svh'.
Parsing included file '/wv/hlstools/vcs/N-2017.12/etc/uvm-1.2/base/uvm_pool.svh'.
Back to file '/wv/hlstools/vcs/N-2017.12/etc/uvm-1.2/base/uvm_base.svh'.
Parsing included file '/wv/hlstools/vcs/N-2017.12/etc/uvm-1.2/base/uvm_queue.svh'.
Back to file '/wv/hlstools/vcs/N-2017.12/etc/uvm-1.2/base/uvm_base.svh'.
Parsing included file '/wv/hlstools/vcs/N-2017.12/etc/uvm-1.2/base/uvm_factory.svh'.
Back to file '/wv/hlstools/vcs/N-2017.12/etc/uvm-1.2/base/uvm_base.svh'.
Parsing included file '/wv/hlstools/vcs/N-2017.12/etc/uvm-1.2/base/uvm_registry.svh'.
Back to file '/wv/hlstools/vcs/N-2017.12/etc/uvm-1.2/base/uvm_base.svh'.
Parsing included file '/wv/hlstools/vcs/N-2017.12/etc/uvm-1.2/base/uvm_spell_chkr.svh'.
Back to file '/wv/hlstools/vcs/N-2017.12/etc/uvm-1.2/base/uvm_base.svh'.
Parsing included file '/wv/hlstools/vcs/N-2017.12/etc/uvm-1.2/base/uvm_resource.svh'.
Back to file '/wv/hlstools/vcs/N-2017.12/etc/uvm-1.2/base/uvm_base.svh'.
Parsing included file '/wv/hlstools/vcs/N-2017.12/etc/uvm-1.2/base/uvm_resource_specializations.svh'.
Back to file '/wv/hlstools/vcs/N-2017.12/etc/uvm-1.2/base/uvm_base.svh'.
Parsing included file '/wv/hlstools/vcs/N-2017.12/etc/uvm-1.2/base/uvm_resource_db.svh'.
Back to file '/wv/hlstools/vcs/N-2017.12/etc/uvm-1.2/base/uvm_base.svh'.
Parsing included file '/wv/hlstools/vcs/N-2017.12/etc/uvm-1.2/base/uvm_config_db.svh'.
Back to file '/wv/hlstools/vcs/N-2017.12/etc/uvm-1.2/base/uvm_base.svh'.
Parsing included file '/wv/hlstools/vcs/N-2017.12/etc/uvm-1.2/base/uvm_printer.svh'.
Back to file '/wv/hlstools/vcs/N-2017.12/etc/uvm-1.2/base/uvm_base.svh'.
Parsing included file '/wv/hlstools/vcs/N-2017.12/etc/uvm-1.2/base/uvm_comparer.svh'.
Back to file '/wv/hlstools/vcs/N-2017.12/etc/uvm-1.2/base/uvm_base.svh'.
Parsing included file '/wv/hlstools/vcs/N-2017.12/etc/uvm-1.2/base/uvm_packer.svh'.
Back to file '/wv/hlstools/vcs/N-2017.12/etc/uvm-1.2/base/uvm_base.svh'.
Parsing included file '/wv/hlstools/vcs/N-2017.12/etc/uvm-1.2/base/uvm_links.svh'.
Back to file '/wv/hlstools/vcs/N-2017.12/etc/uvm-1.2/base/uvm_base.svh'.
Parsing included file '/wv/hlstools/vcs/N-2017.12/etc/uvm-1.2/base/uvm_tr_database.svh'.
Back to file '/wv/hlstools/vcs/N-2017.12/etc/uvm-1.2/base/uvm_base.svh'.
Parsing included file '/wv/hlstools/vcs/N-2017.12/etc/uvm-1.2/base/uvm_tr_stream.svh'.
Back to file '/wv/hlstools/vcs/N-2017.12/etc/uvm-1.2/base/uvm_base.svh'.
Parsing included file '/wv/hlstools/vcs/N-2017.12/etc/uvm-1.2/base/uvm_recorder.svh'.
Back to file '/wv/hlstools/vcs/N-2017.12/etc/uvm-1.2/base/uvm_base.svh'.
Parsing included file '/wv/hlstools/vcs/N-2017.12/etc/uvm-1.2/base/uvm_event_callback.svh'.
Back to file '/wv/hlstools/vcs/N-2017.12/etc/uvm-1.2/base/uvm_base.svh'.
Parsing included file '/wv/hlstools/vcs/N-2017.12/etc/uvm-1.2/base/uvm_event.svh'.
Back to file '/wv/hlstools/vcs/N-2017.12/etc/uvm-1.2/base/uvm_base.svh'.
Parsing included file '/wv/hlstools/vcs/N-2017.12/etc/uvm-1.2/base/uvm_barrier.svh'.
Back to file '/wv/hlstools/vcs/N-2017.12/etc/uvm-1.2/base/uvm_base.svh'.
Parsing included file '/wv/hlstools/vcs/N-2017.12/etc/uvm-1.2/base/uvm_callback.svh'.
Parsing included file '/wv/hlstools/vcs/N-2017.12/etc/uvm-1.2/uvm_macros.svh'.
Back to file '/wv/hlstools/vcs/N-2017.12/etc/uvm-1.2/base/uvm_callback.svh'.
Back to file '/wv/hlstools/vcs/N-2017.12/etc/uvm-1.2/base/uvm_base.svh'.
Parsing included file '/wv/hlstools/vcs/N-2017.12/etc/uvm-1.2/base/uvm_report_message.svh'.
Back to file '/wv/hlstools/vcs/N-2017.12/etc/uvm-1.2/base/uvm_base.svh'.
Parsing included file '/wv/hlstools/vcs/N-2017.12/etc/uvm-1.2/base/uvm_report_catcher.svh'.
Back to file '/wv/hlstools/vcs/N-2017.12/etc/uvm-1.2/base/uvm_base.svh'.
Parsing included file '/wv/hlstools/vcs/N-2017.12/etc/uvm-1.2/base/uvm_report_server.svh'.
Back to file '/wv/hlstools/vcs/N-2017.12/etc/uvm-1.2/base/uvm_base.svh'.
Parsing included file '/wv/hlstools/vcs/N-2017.12/etc/uvm-1.2/base/uvm_report_handler.svh'.
Back to file '/wv/hlstools/vcs/N-2017.12/etc/uvm-1.2/base/uvm_base.svh'.
Parsing included file '/wv/hlstools/vcs/N-2017.12/etc/uvm-1.2/base/uvm_report_object.svh'.
Back to file '/wv/hlstools/vcs/N-2017.12/etc/uvm-1.2/base/uvm_base.svh'.
Parsing included file '/wv/hlstools/vcs/N-2017.12/etc/uvm-1.2/base/uvm_transaction.svh'.
Back to file '/wv/hlstools/vcs/N-2017.12/etc/uvm-1.2/base/uvm_base.svh'.
Parsing included file '/wv/hlstools/vcs/N-2017.12/etc/uvm-1.2/base/uvm_phase.svh'.
Back to file '/wv/hlstools/vcs/N-2017.12/etc/uvm-1.2/base/uvm_base.svh'.
Parsing included file '/wv/hlstools/vcs/N-2017.12/etc/uvm-1.2/base/uvm_domain.svh'.
Back to file '/wv/hlstools/vcs/N-2017.12/etc/uvm-1.2/base/uvm_base.svh'.
Parsing included file '/wv/hlstools/vcs/N-2017.12/etc/uvm-1.2/base/uvm_bottomup_phase.svh'.
Back to file '/wv/hlstools/vcs/N-2017.12/etc/uvm-1.2/base/uvm_base.svh'.
Parsing included file '/wv/hlstools/vcs/N-2017.12/etc/uvm-1.2/base/uvm_topdown_phase.svh'.
Back to file '/wv/hlstools/vcs/N-2017.12/etc/uvm-1.2/base/uvm_base.svh'.
Parsing included file '/wv/hlstools/vcs/N-2017.12/etc/uvm-1.2/base/uvm_task_phase.svh'.
Back to file '/wv/hlstools/vcs/N-2017.12/etc/uvm-1.2/base/uvm_base.svh'.
Parsing included file '/wv/hlstools/vcs/N-2017.12/etc/uvm-1.2/base/uvm_common_phases.svh'.
Back to file '/wv/hlstools/vcs/N-2017.12/etc/uvm-1.2/base/uvm_base.svh'.
Parsing included file '/wv/hlstools/vcs/N-2017.12/etc/uvm-1.2/base/uvm_runtime_phases.svh'.
Back to file '/wv/hlstools/vcs/N-2017.12/etc/uvm-1.2/base/uvm_base.svh'.
Parsing included file '/wv/hlstools/vcs/N-2017.12/etc/uvm-1.2/base/uvm_component.svh'.
Parsing included file '/wv/hlstools/vcs/N-2017.12/etc/uvm-1.2/base/uvm_root.svh'.
Back to file '/wv/hlstools/vcs/N-2017.12/etc/uvm-1.2/base/uvm_component.svh'.
Back to file '/wv/hlstools/vcs/N-2017.12/etc/uvm-1.2/base/uvm_base.svh'.
Parsing included file '/wv/hlstools/vcs/N-2017.12/etc/uvm-1.2/base/uvm_objection.svh'.
Back to file '/wv/hlstools/vcs/N-2017.12/etc/uvm-1.2/base/uvm_base.svh'.
Parsing included file '/wv/hlstools/vcs/N-2017.12/etc/uvm-1.2/base/uvm_heartbeat.svh'.
Back to file '/wv/hlstools/vcs/N-2017.12/etc/uvm-1.2/base/uvm_base.svh'.
Parsing included file '/wv/hlstools/vcs/N-2017.12/etc/uvm-1.2/base/uvm_globals.svh'.
Back to file '/wv/hlstools/vcs/N-2017.12/etc/uvm-1.2/base/uvm_base.svh'.
Parsing included file '/wv/hlstools/vcs/N-2017.12/etc/uvm-1.2/base/uvm_cmdline_processor.svh'.
Back to file '/wv/hlstools/vcs/N-2017.12/etc/uvm-1.2/base/uvm_base.svh'.
Parsing included file '/wv/hlstools/vcs/N-2017.12/etc/uvm-1.2/base/uvm_traversal.svh'.
Back to file '/wv/hlstools/vcs/N-2017.12/etc/uvm-1.2/base/uvm_base.svh'.
Back to file '/wv/hlstools/vcs/N-2017.12/etc/uvm-1.2/uvm_pkg.sv'.
Parsing included file '/wv/hlstools/vcs/N-2017.12/etc/uvm-1.2/dap/uvm_dap.svh'.
Parsing included file '/wv/hlstools/vcs/N-2017.12/etc/uvm-1.2/dap/uvm_set_get_dap_base.svh'.
Back to file '/wv/hlstools/vcs/N-2017.12/etc/uvm-1.2/dap/uvm_dap.svh'.
Parsing included file '/wv/hlstools/vcs/N-2017.12/etc/uvm-1.2/dap/uvm_simple_lock_dap.svh'.
Back to file '/wv/hlstools/vcs/N-2017.12/etc/uvm-1.2/dap/uvm_dap.svh'.
Parsing included file '/wv/hlstools/vcs/N-2017.12/etc/uvm-1.2/dap/uvm_get_to_lock_dap.svh'.
Back to file '/wv/hlstools/vcs/N-2017.12/etc/uvm-1.2/dap/uvm_dap.svh'.
Parsing included file '/wv/hlstools/vcs/N-2017.12/etc/uvm-1.2/dap/uvm_set_before_get_dap.svh'.
Back to file '/wv/hlstools/vcs/N-2017.12/etc/uvm-1.2/dap/uvm_dap.svh'.
Back to file '/wv/hlstools/vcs/N-2017.12/etc/uvm-1.2/uvm_pkg.sv'.
Parsing included file '/wv/hlstools/vcs/N-2017.12/etc/uvm-1.2/tlm1/uvm_tlm.svh'.
Parsing included file '/wv/hlstools/vcs/N-2017.12/etc/uvm-1.2/tlm1/uvm_tlm_ifs.svh'.
Back to file '/wv/hlstools/vcs/N-2017.12/etc/uvm-1.2/tlm1/uvm_tlm.svh'.
Parsing included file '/wv/hlstools/vcs/N-2017.12/etc/uvm-1.2/tlm1/uvm_sqr_ifs.svh'.
Back to file '/wv/hlstools/vcs/N-2017.12/etc/uvm-1.2/tlm1/uvm_tlm.svh'.
Parsing included file '/wv/hlstools/vcs/N-2017.12/etc/uvm-1.2/base/uvm_port_base.svh'.
Back to file '/wv/hlstools/vcs/N-2017.12/etc/uvm-1.2/tlm1/uvm_tlm.svh'.
Parsing included file '/wv/hlstools/vcs/N-2017.12/etc/uvm-1.2/tlm1/uvm_tlm_imps.svh'.
Back to file '/wv/hlstools/vcs/N-2017.12/etc/uvm-1.2/tlm1/uvm_tlm.svh'.
Parsing included file '/wv/hlstools/vcs/N-2017.12/etc/uvm-1.2/tlm1/uvm_imps.svh'.
Back to file '/wv/hlstools/vcs/N-2017.12/etc/uvm-1.2/tlm1/uvm_tlm.svh'.
Parsing included file '/wv/hlstools/vcs/N-2017.12/etc/uvm-1.2/tlm1/uvm_ports.svh'.
Back to file '/wv/hlstools/vcs/N-2017.12/etc/uvm-1.2/tlm1/uvm_tlm.svh'.
Parsing included file '/wv/hlstools/vcs/N-2017.12/etc/uvm-1.2/tlm1/uvm_exports.svh'.
Back to file '/wv/hlstools/vcs/N-2017.12/etc/uvm-1.2/tlm1/uvm_tlm.svh'.
Parsing included file '/wv/hlstools/vcs/N-2017.12/etc/uvm-1.2/tlm1/uvm_analysis_port.svh'.
Back to file '/wv/hlstools/vcs/N-2017.12/etc/uvm-1.2/tlm1/uvm_tlm.svh'.
Parsing included file '/wv/hlstools/vcs/N-2017.12/etc/uvm-1.2/tlm1/uvm_tlm_fifo_base.svh'.
Back to file '/wv/hlstools/vcs/N-2017.12/etc/uvm-1.2/tlm1/uvm_tlm.svh'.
Parsing included file '/wv/hlstools/vcs/N-2017.12/etc/uvm-1.2/tlm1/uvm_tlm_fifos.svh'.
Back to file '/wv/hlstools/vcs/N-2017.12/etc/uvm-1.2/tlm1/uvm_tlm.svh'.
Parsing included file '/wv/hlstools/vcs/N-2017.12/etc/uvm-1.2/tlm1/uvm_tlm_req_rsp.svh'.
Back to file '/wv/hlstools/vcs/N-2017.12/etc/uvm-1.2/tlm1/uvm_tlm.svh'.
Parsing included file '/wv/hlstools/vcs/N-2017.12/etc/uvm-1.2/tlm1/uvm_sqr_connections.svh'.
Back to file '/wv/hlstools/vcs/N-2017.12/etc/uvm-1.2/tlm1/uvm_tlm.svh'.
Back to file '/wv/hlstools/vcs/N-2017.12/etc/uvm-1.2/uvm_pkg.sv'.
Parsing included file '/wv/hlstools/vcs/N-2017.12/etc/uvm-1.2/comps/uvm_comps.svh'.
Parsing included file '/wv/hlstools/vcs/N-2017.12/etc/uvm-1.2/comps/uvm_pair.svh'.
Back to file '/wv/hlstools/vcs/N-2017.12/etc/uvm-1.2/comps/uvm_comps.svh'.
Parsing included file '/wv/hlstools/vcs/N-2017.12/etc/uvm-1.2/comps/uvm_policies.svh'.
Back to file '/wv/hlstools/vcs/N-2017.12/etc/uvm-1.2/comps/uvm_comps.svh'.
Parsing included file '/wv/hlstools/vcs/N-2017.12/etc/uvm-1.2/comps/uvm_in_order_comparator.svh'.
Back to file '/wv/hlstools/vcs/N-2017.12/etc/uvm-1.2/comps/uvm_comps.svh'.
Parsing included file '/wv/hlstools/vcs/N-2017.12/etc/uvm-1.2/comps/uvm_algorithmic_comparator.svh'.
Back to file '/wv/hlstools/vcs/N-2017.12/etc/uvm-1.2/comps/uvm_comps.svh'.
Parsing included file '/wv/hlstools/vcs/N-2017.12/etc/uvm-1.2/comps/uvm_random_stimulus.svh'.
Back to file '/wv/hlstools/vcs/N-2017.12/etc/uvm-1.2/comps/uvm_comps.svh'.
Parsing included file '/wv/hlstools/vcs/N-2017.12/etc/uvm-1.2/comps/uvm_subscriber.svh'.
Back to file '/wv/hlstools/vcs/N-2017.12/etc/uvm-1.2/comps/uvm_comps.svh'.
Parsing included file '/wv/hlstools/vcs/N-2017.12/etc/uvm-1.2/comps/uvm_monitor.svh'.
Back to file '/wv/hlstools/vcs/N-2017.12/etc/uvm-1.2/comps/uvm_comps.svh'.
Parsing included file '/wv/hlstools/vcs/N-2017.12/etc/uvm-1.2/comps/uvm_driver.svh'.
Back to file '/wv/hlstools/vcs/N-2017.12/etc/uvm-1.2/comps/uvm_comps.svh'.
Parsing included file '/wv/hlstools/vcs/N-2017.12/etc/uvm-1.2/comps/uvm_push_driver.svh'.
Back to file '/wv/hlstools/vcs/N-2017.12/etc/uvm-1.2/comps/uvm_comps.svh'.
Parsing included file '/wv/hlstools/vcs/N-2017.12/etc/uvm-1.2/comps/uvm_scoreboard.svh'.
Back to file '/wv/hlstools/vcs/N-2017.12/etc/uvm-1.2/comps/uvm_comps.svh'.
Parsing included file '/wv/hlstools/vcs/N-2017.12/etc/uvm-1.2/comps/uvm_agent.svh'.
Back to file '/wv/hlstools/vcs/N-2017.12/etc/uvm-1.2/comps/uvm_comps.svh'.
Parsing included file '/wv/hlstools/vcs/N-2017.12/etc/uvm-1.2/comps/uvm_env.svh'.
Back to file '/wv/hlstools/vcs/N-2017.12/etc/uvm-1.2/comps/uvm_comps.svh'.
Parsing included file '/wv/hlstools/vcs/N-2017.12/etc/uvm-1.2/comps/uvm_test.svh'.
Back to file '/wv/hlstools/vcs/N-2017.12/etc/uvm-1.2/comps/uvm_comps.svh'.
Back to file '/wv/hlstools/vcs/N-2017.12/etc/uvm-1.2/uvm_pkg.sv'.
Parsing included file '/wv/hlstools/vcs/N-2017.12/etc/uvm-1.2/seq/uvm_seq.svh'.
Parsing included file '/wv/hlstools/vcs/N-2017.12/etc/uvm-1.2/seq/uvm_sequence_item.svh'.
Back to file '/wv/hlstools/vcs/N-2017.12/etc/uvm-1.2/seq/uvm_seq.svh'.
Parsing included file '/wv/hlstools/vcs/N-2017.12/etc/uvm-1.2/seq/uvm_sequencer_base.svh'.
Back to file '/wv/hlstools/vcs/N-2017.12/etc/uvm-1.2/seq/uvm_seq.svh'.
Parsing included file '/wv/hlstools/vcs/N-2017.12/etc/uvm-1.2/seq/uvm_sequencer_analysis_fifo.svh'.
Back to file '/wv/hlstools/vcs/N-2017.12/etc/uvm-1.2/seq/uvm_seq.svh'.
Parsing included file '/wv/hlstools/vcs/N-2017.12/etc/uvm-1.2/seq/uvm_sequencer_param_base.svh'.
Back to file '/wv/hlstools/vcs/N-2017.12/etc/uvm-1.2/seq/uvm_seq.svh'.
Parsing included file '/wv/hlstools/vcs/N-2017.12/etc/uvm-1.2/seq/uvm_sequencer.svh'.
Back to file '/wv/hlstools/vcs/N-2017.12/etc/uvm-1.2/seq/uvm_seq.svh'.
Parsing included file '/wv/hlstools/vcs/N-2017.12/etc/uvm-1.2/seq/uvm_push_sequencer.svh'.
Back to file '/wv/hlstools/vcs/N-2017.12/etc/uvm-1.2/seq/uvm_seq.svh'.
Parsing included file '/wv/hlstools/vcs/N-2017.12/etc/uvm-1.2/seq/uvm_sequence_base.svh'.
Back to file '/wv/hlstools/vcs/N-2017.12/etc/uvm-1.2/seq/uvm_seq.svh'.
Parsing included file '/wv/hlstools/vcs/N-2017.12/etc/uvm-1.2/seq/uvm_sequence.svh'.
Back to file '/wv/hlstools/vcs/N-2017.12/etc/uvm-1.2/seq/uvm_seq.svh'.
Parsing included file '/wv/hlstools/vcs/N-2017.12/etc/uvm-1.2/seq/uvm_sequence_library.svh'.
Back to file '/wv/hlstools/vcs/N-2017.12/etc/uvm-1.2/seq/uvm_seq.svh'.
Parsing included file '/wv/hlstools/vcs/N-2017.12/etc/uvm-1.2/seq/uvm_sequence_builtin.svh'.
Back to file '/wv/hlstools/vcs/N-2017.12/etc/uvm-1.2/seq/uvm_seq.svh'.
Back to file '/wv/hlstools/vcs/N-2017.12/etc/uvm-1.2/uvm_pkg.sv'.
Parsing included file '/wv/hlstools/vcs/N-2017.12/etc/uvm-1.2/tlm2/uvm_tlm2.svh'.
Parsing included file '/wv/hlstools/vcs/N-2017.12/etc/uvm-1.2/tlm2/uvm_tlm2_defines.svh'.
Back to file '/wv/hlstools/vcs/N-2017.12/etc/uvm-1.2/tlm2/uvm_tlm2.svh'.
Parsing included file '/wv/hlstools/vcs/N-2017.12/etc/uvm-1.2/tlm2/uvm_tlm2_time.svh'.
Back to file '/wv/hlstools/vcs/N-2017.12/etc/uvm-1.2/tlm2/uvm_tlm2.svh'.
Parsing included file '/wv/hlstools/vcs/N-2017.12/etc/uvm-1.2/tlm2/uvm_tlm2_generic_payload.svh'.
Back to file '/wv/hlstools/vcs/N-2017.12/etc/uvm-1.2/tlm2/uvm_tlm2.svh'.
Parsing included file '/wv/hlstools/vcs/N-2017.12/etc/uvm-1.2/tlm2/uvm_tlm2_ifs.svh'.
Back to file '/wv/hlstools/vcs/N-2017.12/etc/uvm-1.2/tlm2/uvm_tlm2.svh'.
Parsing included file '/wv/hlstools/vcs/N-2017.12/etc/uvm-1.2/tlm2/uvm_tlm2_imps.svh'.
Back to file '/wv/hlstools/vcs/N-2017.12/etc/uvm-1.2/tlm2/uvm_tlm2.svh'.
Parsing included file '/wv/hlstools/vcs/N-2017.12/etc/uvm-1.2/tlm2/uvm_tlm2_ports.svh'.
Back to file '/wv/hlstools/vcs/N-2017.12/etc/uvm-1.2/tlm2/uvm_tlm2.svh'.
Parsing included file '/wv/hlstools/vcs/N-2017.12/etc/uvm-1.2/tlm2/uvm_tlm2_exports.svh'.
Back to file '/wv/hlstools/vcs/N-2017.12/etc/uvm-1.2/tlm2/uvm_tlm2.svh'.
Parsing included file '/wv/hlstools/vcs/N-2017.12/etc/uvm-1.2/tlm2/uvm_tlm2_sockets_base.svh'.
Back to file '/wv/hlstools/vcs/N-2017.12/etc/uvm-1.2/tlm2/uvm_tlm2.svh'.
Parsing included file '/wv/hlstools/vcs/N-2017.12/etc/uvm-1.2/tlm2/uvm_tlm2_sockets.svh'.
Back to file '/wv/hlstools/vcs/N-2017.12/etc/uvm-1.2/tlm2/uvm_tlm2.svh'.
Back to file '/wv/hlstools/vcs/N-2017.12/etc/uvm-1.2/uvm_pkg.sv'.
Parsing included file '/wv/hlstools/vcs/N-2017.12/etc/uvm-1.2/reg/uvm_reg_model.svh'.
Parsing included file '/wv/hlstools/vcs/N-2017.12/etc/uvm-1.2/reg/uvm_reg_item.svh'.
Back to file '/wv/hlstools/vcs/N-2017.12/etc/uvm-1.2/reg/uvm_reg_model.svh'.
Parsing included file '/wv/hlstools/vcs/N-2017.12/etc/uvm-1.2/reg/uvm_reg_adapter.svh'.
Back to file '/wv/hlstools/vcs/N-2017.12/etc/uvm-1.2/reg/uvm_reg_model.svh'.
Parsing included file '/wv/hlstools/vcs/N-2017.12/etc/uvm-1.2/reg/uvm_reg_predictor.svh'.
Back to file '/wv/hlstools/vcs/N-2017.12/etc/uvm-1.2/reg/uvm_reg_model.svh'.
Parsing included file '/wv/hlstools/vcs/N-2017.12/etc/uvm-1.2/reg/uvm_reg_sequence.svh'.
Back to file '/wv/hlstools/vcs/N-2017.12/etc/uvm-1.2/reg/uvm_reg_model.svh'.
Parsing included file '/wv/hlstools/vcs/N-2017.12/etc/uvm-1.2/reg/uvm_reg_cbs.svh'.
Back to file '/wv/hlstools/vcs/N-2017.12/etc/uvm-1.2/reg/uvm_reg_model.svh'.
Parsing included file '/wv/hlstools/vcs/N-2017.12/etc/uvm-1.2/reg/uvm_reg_backdoor.svh'.
Back to file '/wv/hlstools/vcs/N-2017.12/etc/uvm-1.2/reg/uvm_reg_model.svh'.
Parsing included file '/wv/hlstools/vcs/N-2017.12/etc/uvm-1.2/reg/uvm_reg_field.svh'.
Back to file '/wv/hlstools/vcs/N-2017.12/etc/uvm-1.2/reg/uvm_reg_model.svh'.
Parsing included file '/wv/hlstools/vcs/N-2017.12/etc/uvm-1.2/reg/uvm_vreg_field.svh'.
Back to file '/wv/hlstools/vcs/N-2017.12/etc/uvm-1.2/reg/uvm_reg_model.svh'.
Parsing included file '/wv/hlstools/vcs/N-2017.12/etc/uvm-1.2/reg/uvm_reg.svh'.
Back to file '/wv/hlstools/vcs/N-2017.12/etc/uvm-1.2/reg/uvm_reg_model.svh'.
Parsing included file '/wv/hlstools/vcs/N-2017.12/etc/uvm-1.2/reg/uvm_reg_indirect.svh'.
Back to file '/wv/hlstools/vcs/N-2017.12/etc/uvm-1.2/reg/uvm_reg_model.svh'.
Parsing included file '/wv/hlstools/vcs/N-2017.12/etc/uvm-1.2/reg/uvm_reg_fifo.svh'.
Back to file '/wv/hlstools/vcs/N-2017.12/etc/uvm-1.2/reg/uvm_reg_model.svh'.
Parsing included file '/wv/hlstools/vcs/N-2017.12/etc/uvm-1.2/reg/uvm_reg_file.svh'.
Back to file '/wv/hlstools/vcs/N-2017.12/etc/uvm-1.2/reg/uvm_reg_model.svh'.
Parsing included file '/wv/hlstools/vcs/N-2017.12/etc/uvm-1.2/reg/uvm_mem_mam.svh'.
Back to file '/wv/hlstools/vcs/N-2017.12/etc/uvm-1.2/reg/uvm_reg_model.svh'.
Parsing included file '/wv/hlstools/vcs/N-2017.12/etc/uvm-1.2/reg/uvm_vreg.svh'.
Back to file '/wv/hlstools/vcs/N-2017.12/etc/uvm-1.2/reg/uvm_reg_model.svh'.
Parsing included file '/wv/hlstools/vcs/N-2017.12/etc/uvm-1.2/reg/uvm_mem.svh'.
Back to file '/wv/hlstools/vcs/N-2017.12/etc/uvm-1.2/reg/uvm_reg_model.svh'.
Parsing included file '/wv/hlstools/vcs/N-2017.12/etc/uvm-1.2/reg/uvm_reg_map.svh'.
Back to file '/wv/hlstools/vcs/N-2017.12/etc/uvm-1.2/reg/uvm_reg_model.svh'.
Parsing included file '/wv/hlstools/vcs/N-2017.12/etc/uvm-1.2/reg/uvm_reg_block.svh'.
Back to file '/wv/hlstools/vcs/N-2017.12/etc/uvm-1.2/reg/uvm_reg_model.svh'.
Parsing included file '/wv/hlstools/vcs/N-2017.12/etc/uvm-1.2/reg/sequences/uvm_reg_hw_reset_seq.svh'.
Back to file '/wv/hlstools/vcs/N-2017.12/etc/uvm-1.2/reg/uvm_reg_model.svh'.
Parsing included file '/wv/hlstools/vcs/N-2017.12/etc/uvm-1.2/reg/sequences/uvm_reg_bit_bash_seq.svh'.
Back to file '/wv/hlstools/vcs/N-2017.12/etc/uvm-1.2/reg/uvm_reg_model.svh'.
Parsing included file '/wv/hlstools/vcs/N-2017.12/etc/uvm-1.2/reg/sequences/uvm_mem_walk_seq.svh'.
Back to file '/wv/hlstools/vcs/N-2017.12/etc/uvm-1.2/reg/uvm_reg_model.svh'.
Parsing included file '/wv/hlstools/vcs/N-2017.12/etc/uvm-1.2/reg/sequences/uvm_mem_access_seq.svh'.
Back to file '/wv/hlstools/vcs/N-2017.12/etc/uvm-1.2/reg/uvm_reg_model.svh'.
Parsing included file '/wv/hlstools/vcs/N-2017.12/etc/uvm-1.2/reg/sequences/uvm_reg_access_seq.svh'.
Back to file '/wv/hlstools/vcs/N-2017.12/etc/uvm-1.2/reg/uvm_reg_model.svh'.
Parsing included file '/wv/hlstools/vcs/N-2017.12/etc/uvm-1.2/reg/sequences/uvm_reg_mem_shared_access_seq.svh'.
Back to file '/wv/hlstools/vcs/N-2017.12/etc/uvm-1.2/reg/uvm_reg_model.svh'.
Parsing included file '/wv/hlstools/vcs/N-2017.12/etc/uvm-1.2/reg/sequences/uvm_reg_mem_built_in_seq.svh'.
Back to file '/wv/hlstools/vcs/N-2017.12/etc/uvm-1.2/reg/uvm_reg_model.svh'.
Parsing included file '/wv/hlstools/vcs/N-2017.12/etc/uvm-1.2/reg/sequences/uvm_reg_mem_hdl_paths_seq.svh'.
Back to file '/wv/hlstools/vcs/N-2017.12/etc/uvm-1.2/reg/uvm_reg_model.svh'.
Parsing included file '/wv/hlstools/vcs/N-2017.12/etc/uvm-1.2/reg/snps_uvm_reg_bank.svh'.
Back to file '/wv/hlstools/vcs/N-2017.12/etc/uvm-1.2/reg/uvm_reg_model.svh'.
Back to file '/wv/hlstools/vcs/N-2017.12/etc/uvm-1.2/uvm_pkg.sv'.
Parsing design file '/wv/hlstools/vcs/N-2017.12/etc/uvm-1.2/vcs/uvm_custom_install_vcs_recorder.sv'
Parsing included file '/wv/hlstools/vcs/N-2017.12/etc/uvm-1.2/vcs/msglog.svh'.
Back to file '/wv/hlstools/vcs/N-2017.12/etc/uvm-1.2/vcs/uvm_custom_install_vcs_recorder.sv'.
Parsing included file '/wv/hlstools/vcs/N-2017.12/etc/uvm-1.2/vcs/uvm_msglog_report_server.sv'.
Back to file '/wv/hlstools/vcs/N-2017.12/etc/uvm-1.2/vcs/uvm_custom_install_vcs_recorder.sv'.
Parsing included file '/wv/hlstools/vcs/N-2017.12/etc/uvm-1.2/vcs/uvm_vcs_recorder.svh'.
Parsing included file '/wv/hlstools/vcs/N-2017.12/etc/uvm-1.2/vcs/uvm_vcs_tr_database.svh'.
Parsing included file '/wv/hlstools/vcs/N-2017.12/etc/uvm-1.2/vcs/uvm_vcs_tr_stream.svh'.
Back to file '/wv/hlstools/vcs/N-2017.12/etc/uvm-1.2/vcs/uvm_vcs_tr_database.svh'.
Back to file '/wv/hlstools/vcs/N-2017.12/etc/uvm-1.2/vcs/uvm_vcs_recorder.svh'.
Back to file '/wv/hlstools/vcs/N-2017.12/etc/uvm-1.2/vcs/uvm_custom_install_vcs_recorder.sv'.
Parsing included file '/wv/hlstools/vcs/N-2017.12/etc/uvm-1.2/vcs/uvm_vcs_record_interface.sv'.
Back to file '/wv/hlstools/vcs/N-2017.12/etc/uvm-1.2/vcs/uvm_custom_install_vcs_recorder.sv'.
Parsing design file '/home/russk/platforms/ibex/dv/uvm/tb/prim_clock_gating.sv'
Parsing design file '/home/russk/platforms/ibex/rtl/ibex_defines.sv'
Parsing design file '/home/russk/platforms/ibex/rtl/ibex_tracer_defines.sv'
Parsing design file '/home/russk/platforms/ibex/rtl/ibex_tracer.sv'
Parsing design file '/home/russk/platforms/ibex/rtl/ibex_alu.sv'
Parsing design file '/home/russk/platforms/ibex/rtl/ibex_compressed_decoder.sv'
Parsing design file '/home/russk/platforms/ibex/rtl/ibex_controller.sv'
Parsing design file '/home/russk/platforms/ibex/rtl/ibex_cs_registers.sv'
Parsing design file '/home/russk/platforms/ibex/rtl/ibex_decoder.sv'
Parsing design file '/home/russk/platforms/ibex/rtl/ibex_int_controller.sv'
Parsing design file '/home/russk/platforms/ibex/rtl/ibex_ex_block.sv'
Parsing design file '/home/russk/platforms/ibex/rtl/ibex_id_stage.sv'
Parsing design file '/home/russk/platforms/ibex/rtl/ibex_if_stage.sv'
Parsing design file '/home/russk/platforms/ibex/rtl/ibex_load_store_unit.sv'
Parsing design file '/home/russk/platforms/ibex/rtl/ibex_multdiv_slow.sv'
Parsing design file '/home/russk/platforms/ibex/rtl/ibex_multdiv_fast.sv'
Parsing design file '/home/russk/platforms/ibex/rtl/ibex_prefetch_buffer.sv'
Parsing design file '/home/russk/platforms/ibex/rtl/ibex_fetch_fifo.sv'
Parsing design file '/home/russk/platforms/ibex/rtl/ibex_register_file_ff.sv'
Parsing design file '/home/russk/platforms/ibex/rtl/ibex_core.sv'
Parsing design file '/home/russk/platforms/ibex/dv/uvm/common/utils/clk_if.sv'
Parsing design file '/home/russk/platforms/ibex/dv/uvm/common/utils/dv_utils_pkg.sv'
Parsing included file '/home/russk/platforms/ibex/dv/uvm/common/utils/dv_macros.svh'.
Back to file '/home/russk/platforms/ibex/dv/uvm/common/utils/dv_utils_pkg.sv'.
Parsing included file '/wv/hlstools/vcs/N-2017.12/etc/uvm-1.2/uvm_macros.svh'.
Back to file '/home/russk/platforms/ibex/dv/uvm/common/utils/dv_utils_pkg.sv'.
Parsing design file '/home/russk/platforms/ibex/dv/uvm/common/mem_model/mem_model_pkg.sv'
Parsing included file '/wv/hlstools/vcs/N-2017.12/etc/uvm-1.2/uvm_macros.svh'.
Back to file '/home/russk/platforms/ibex/dv/uvm/common/mem_model/mem_model_pkg.sv'.
Parsing included file '/home/russk/platforms/ibex/dv/uvm/common/mem_model/mem_model.sv'.
Back to file '/home/russk/platforms/ibex/dv/uvm/common/mem_model/mem_model_pkg.sv'.
Parsing design file '/home/russk/platforms/ibex/dv/uvm/common/ibex_mem_intf_agent/ibex_mem_intf_agent_pkg.sv'
Parsing included file '/home/russk/platforms/ibex/dv/uvm/common/ibex_mem_intf_agent/ibex_mem_intf.sv'.
Back to file '/home/russk/platforms/ibex/dv/uvm/common/ibex_mem_intf_agent/ibex_mem_intf_agent_pkg.sv'.
Parsing included file '/wv/hlstools/vcs/N-2017.12/etc/uvm-1.2/uvm_macros.svh'.
Back to file '/home/russk/platforms/ibex/dv/uvm/common/ibex_mem_intf_agent/ibex_mem_intf_agent_pkg.sv'.
Parsing included file '/home/russk/platforms/ibex/dv/uvm/common/ibex_mem_intf_agent/ibex_mem_intf_seq_item.sv'.
Back to file '/home/russk/platforms/ibex/dv/uvm/common/ibex_mem_intf_agent/ibex_mem_intf_agent_pkg.sv'.
Parsing included file '/home/russk/platforms/ibex/dv/uvm/common/ibex_mem_intf_agent/ibex_mem_intf_monitor.sv'.
Back to file '/home/russk/platforms/ibex/dv/uvm/common/ibex_mem_intf_agent/ibex_mem_intf_agent_pkg.sv'.
Parsing included file '/home/russk/platforms/ibex/dv/uvm/common/ibex_mem_intf_agent/ibex_mem_intf_slave_driver.sv'.
Back to file '/home/russk/platforms/ibex/dv/uvm/common/ibex_mem_intf_agent/ibex_mem_intf_agent_pkg.sv'.
Parsing included file '/home/russk/platforms/ibex/dv/uvm/common/ibex_mem_intf_agent/ibex_mem_intf_slave_sequencer.sv'.
Back to file '/home/russk/platforms/ibex/dv/uvm/common/ibex_mem_intf_agent/ibex_mem_intf_agent_pkg.sv'.
Parsing included file '/home/russk/platforms/ibex/dv/uvm/common/ibex_mem_intf_agent/ibex_mem_intf_slave_seq_lib.sv'.
Back to file '/home/russk/platforms/ibex/dv/uvm/common/ibex_mem_intf_agent/ibex_mem_intf_agent_pkg.sv'.
Parsing included file '/home/russk/platforms/ibex/dv/uvm/common/ibex_mem_intf_agent/ibex_mem_intf_slave_agent.sv'.
Back to file '/home/russk/platforms/ibex/dv/uvm/common/ibex_mem_intf_agent/ibex_mem_intf_agent_pkg.sv'.
Parsing included file '/home/russk/platforms/ibex/dv/uvm/common/ibex_mem_intf_agent/ibex_mem_intf_master_driver.sv'.
Back to file '/home/russk/platforms/ibex/dv/uvm/common/ibex_mem_intf_agent/ibex_mem_intf_agent_pkg.sv'.
Parsing included file '/home/russk/platforms/ibex/dv/uvm/common/ibex_mem_intf_agent/ibex_mem_intf_master_agent.sv'.
Back to file '/home/russk/platforms/ibex/dv/uvm/common/ibex_mem_intf_agent/ibex_mem_intf_agent_pkg.sv'.
Parsing design file '/home/russk/platforms/ibex/dv/uvm/env/core_ibex_env_pkg.sv'
Parsing included file '/home/russk/platforms/ibex/dv/uvm/env/core_ibex_dut_probe_if.sv'.
Back to file '/home/russk/platforms/ibex/dv/uvm/env/core_ibex_env_pkg.sv'.
Parsing included file '/home/russk/platforms/ibex/dv/uvm/env/core_ibex_vseqr.sv'.
Back to file '/home/russk/platforms/ibex/dv/uvm/env/core_ibex_env_pkg.sv'.
Parsing included file '/home/russk/platforms/ibex/dv/uvm/env/core_ibex_env.sv'.
Back to file '/home/russk/platforms/ibex/dv/uvm/env/core_ibex_env_pkg.sv'.
Parsing design file '/home/russk/platforms/ibex/dv/uvm/tests/core_ibex_test_pkg.sv'
Parsing included file '/home/russk/platforms/ibex/dv/uvm/tests/core_ibex_vseq.sv'.
Back to file '/home/russk/platforms/ibex/dv/uvm/tests/core_ibex_test_pkg.sv'.
Parsing included file '/home/russk/platforms/ibex/dv/uvm/tests/core_ibex_base_test.sv'.
Back to file '/home/russk/platforms/ibex/dv/uvm/tests/core_ibex_test_pkg.sv'.
Parsing design file '/home/russk/platforms/ibex/dv/uvm/tb/core_ibex_tb_top.sv'
Top Level Modules:
       uvm_custom_install_recording
       core_ibex_tb_top
TimeScale is 1 ns / 10 ps

Warning-[TFIPC] Too few instance port connections
/home/russk/platforms/ibex/dv/uvm/tb/core_ibex_tb_top.sv, 16
"ibex_core dut( .clk_i (clk),  .rst_ni (rst_n),  .test_en_i (1'b1),  .core_id_i ('0),  .cluster_id_i ('0),  .boot_addr_i (32'h80000000),  .irq_i ('0),  .irq_id_i ('0),  .debug_req_i ('0),  .fetch_enable_i (fetch_enable));"
  The above instance has fewer port connections than the module definition.
  Please use '+lint=TFIPC-L' to print out detailed information of unconnected 
  ports.

Starting vcs inline pass...
21 modules and 0 UDP read.
recompiling package vcs_paramclassrepository
recompiling package _vcs_DPI_package
recompiling package uvm_pkg
recompiling package _vcs_msglog
recompiling module uvm_custom_install_recording
recompiling package ibex_defines
recompiling package ibex_tracer_defines
recompiling module ibex_tracer
recompiling module ibex_cs_registers
recompiling module ibex_int_controller
recompiling module ibex_ex_block
recompiling module ibex_load_store_unit
recompiling module clk_if
recompiling package dv_utils_pkg
recompiling package mem_model_pkg
recompiling module ibex_mem_intf
recompiling package ibex_mem_intf_agent_pkg
recompiling module core_ibex_dut_probe_if
recompiling package core_ibex_env_pkg
recompiling package core_ibex_test_pkg
recompiling module core_ibex_tb_top
All of 21 modules done
make[1]: Entering directory `/home/russk/platforms/ibex/dv/uvm/out/rtl_sim/vcs_simv.csrc'
make[1]: Leaving directory `/home/russk/platforms/ibex/dv/uvm/out/rtl_sim/vcs_simv.csrc'
make[1]: Entering directory `/home/russk/platforms/ibex/dv/uvm/out/rtl_sim/vcs_simv.csrc'
rm -f _csrc*.so pre_vcsobj_*.so share_vcsobj_*.so
g++ -w  -pipe -DVCSMX -DUVM_DPI_DO_TYPE_CHECK -fPIC -O -I/wv/hlstools/vcs/N-2017.12/include    -c /wv/hlstools/vcs/N-2017.12/etc/uvm-1.2/dpi/uvm_dpi.cc
if [ -x /home/russk/platforms/ibex/dv/uvm/out/rtl_sim/vcs_simv ]; then chmod -x /home/russk/platforms/ibex/dv/uvm/out/rtl_sim/vcs_simv; fi
g++  -o /home/russk/platforms/ibex/dv/uvm/out/rtl_sim/vcs_simv   -Wl,-rpath-link=./ -Wl,-rpath='$ORIGIN'/vcs_simv.daidir/ -Wl,-rpath=./vcs_simv.daidir/ -Wl,-rpath='$ORIGIN'/vcs_simv.daidir//scsim.db.dir  -rdynamic  uvm_dpi.o   objs/amcQw_d.o   _24771_archive_1.so  SIM_l.o      rmapats_mop.o rmapats.o rmar.o rmar_nd.o  rmar_llvm_0_1.o rmar_llvm_0_0.o          -lnuma /wv/hlstools/vcs/N-2017.12/linux64/lib/libzerosoft_rt_stubs.so /wv/hlstools/vcs/N-2017.12/linux64/lib/libvirsim.so /wv/hlstools/vcs/N-2017.12/linux64/lib/liberrorinf.so /wv/hlstools/vcs/N-2017.12/linux64/lib/libsnpsmalloc.so /wv/hlstools/vcs/N-2017.12/linux64/lib/libvfs.so    /wv/hlstools/vcs/N-2017.12/linux64/lib/libvcsnew.so /wv/hlstools/vcs/N-2017.12/linux64/lib/libsimprofile.so /wv/hlstools/vcs/N-2017.12/linux64/lib/libuclinative.so /wv/hlstools/vcs/N-2017.12/linux64/lib/vcs_tls.o   -Wl,-whole-archive /wv/hlstools/vcs/N-2017.12/linux64/lib/libvcsucli.so -Wl,-no-whole-archive       ./../vcs_simv.daidir/vc_hdrs.o    /wv/hlstools/vcs/N-2017.12/linux64/lib/vcs_save_restore_new.o -ldl  -lc -lm -lpthread -ldl 
/home/russk/platforms/ibex/dv/uvm/out/rtl_sim/vcs_simv up to date
make[1]: Leaving directory `/home/russk/platforms/ibex/dv/uvm/out/rtl_sim/vcs_simv.csrc'
CPU time: 11.730 seconds to compile + .347 seconds to elab + .460 seconds to link
Verdi KDB elaboration done and the database successfully generated: 0 error(s), 0 warning(s)
./sim  -dir "/home/russk/platforms/ibex/dv/uvm/out" -waves 0
gzroninplat /home/russk/platforms/ibex/dv/uvm/out/instr_gen/asm_tests/riscv_instr_base_test.0.S
Running simulation for : /home/russk/platforms/ibex/dv/uvm/out/rtl_sim/vcs_simv +UVM_TESTNAME=core_ibex_base_test         +ntb_random_seed=27348        +bin=/home/russk/platforms/ibex/dv/uvm/out/instr_gen/asm_tests/riscv_instr_base_test.0.S.bin -l sim.log
Chronologic VCS simulator copyright 1991-2017
Contains Synopsys proprietary information.
Compiler version N-2017.12_Full64; Runtime version N-2017.12_Full64;  Jun 14 15:10 2019
UVM_INFO /wv/hlstools/vcs/N-2017.12/etc/uvm-1.2/base/uvm_root.svh(402) @ 0: reporter [UVM/RELNOTES] 
----------------------------------------------------------------
UVM-1.2.Synopsys
(C) 2007-2014 Mentor Graphics Corporation
(C) 2007-2014 Cadence Design Systems, Inc.
(C) 2006-2014 Synopsys, Inc.
(C) 2011-2013 Cypress Semiconductor Corp.
(C) 2013-2014 NVIDIA Corporation
----------------------------------------------------------------

  ***********       IMPORTANT RELEASE NOTES         ************

  You are using a version of the UVM library that has been compiled
  with `UVM_NO_DEPRECATED undefined.
  See http://www.eda.org/svdb/view.php?id=3313 for more details.

  You are using a version of the UVM library that has been compiled
  with `UVM_OBJECT_DO_NOT_NEED_CONSTRUCTOR undefined.
  See http://www.eda.org/svdb/view.php?id=3770 for more details.

      (Specify +UVM_NO_RELNOTES to turn off this notice)

UVM_INFO @ 0: reporter [RNTST] Running test core_ibex_base_test...
UVM_INFO /home/russk/platforms/ibex/dv/uvm/tests/core_ibex_base_test.sv(51) @ 199000: uvm_test_top [uvm_test_top] Running test : /home/russk/platforms/ibex/dv/uvm/out/instr_gen/asm_tests/riscv_instr_base_test.0.S.bin
[TRACER] Output filename is: trace_core_00_0.log
UVM_INFO /home/russk/platforms/ibex/dv/uvm/tests/core_ibex_base_test.sv(71) @ 13553000: uvm_test_top [uvm_test_top] ECALL instruction is detected, test done
UVM_INFO /wv/hlstools/vcs/N-2017.12/etc/uvm-1.2/base/uvm_objection.svh(1276) @ 13751000: reporter [TEST_DONE] 'run' phase is ready to proceed to the 'extract' phase
UVM_INFO /wv/hlstools/vcs/N-2017.12/etc/uvm-1.2/base/uvm_report_catcher.svh(705) @ 13751000: reporter [UVM/REPORT/CATCHER] 
--- UVM Report catcher Summary ---


Number of demoted UVM_FATAL reports  :    0
Number of demoted UVM_ERROR reports  :    0
Number of demoted UVM_WARNING reports:    0
Number of caught UVM_FATAL reports   :    0
Number of caught UVM_ERROR reports   :    0
Number of caught UVM_WARNING reports :    0

UVM_INFO /wv/hlstools/vcs/N-2017.12/etc/uvm-1.2/base/uvm_report_server.svh(894) @ 13751000: reporter [UVM/REPORT/SERVER] 
--- UVM Report Summary ---

** Report counts by severity
UVM_INFO :    6
UVM_WARNING :    0
UVM_ERROR :    0
UVM_FATAL :    0
** Report counts by id
[RNTST]     1
[TEST_DONE]     1
[UVM/RELNOTES]     1
[UVM/REPORT/CATCHER]     1
[uvm_test_top]     2

$finish called from file "/wv/hlstools/vcs/N-2017.12/etc/uvm-1.2/base/uvm_root.svh", line 527.
$finish at simulation time             13751000
           V C S   S i m u l a t i o n   R e p o r t 
Time: 137510000 ps
CPU Time:      0.880 seconds;       Data structure size:   0.4Mb
Fri Jun 14 15:10:28 2019
./compare "/home/russk/platforms/ibex/dv/uvm/out"
compare simulation result under /home/russk/platforms/ibex/dv/uvm/out
Test: /home/russk/platforms/ibex/dv/uvm/out/instr_gen/asm_tests/riscv_instr_base_test.0.S
Instructions exeuted: 761 mismatches: 0 
